{"C:\\Users\\ELAZZOUTISalaheddine\\Desktop\\GreenSentinel-Citizen-App\\pro-app\\src\\App.tsx": {"path":"C:\\Users\\ELAZZOUTISalaheddine\\Desktop\\GreenSentinel-Citizen-App\\pro-app\\src\\App.tsx","statementMap":{"0":{"start":{"line":1,"column":0},"end":{"line":1,"column":34}},"1":{"start":{"line":2,"column":0},"end":{"line":2,"column":59}},"2":{"start":{"line":3,"column":0},"end":{"line":3,"column":41}},"3":{"start":{"line":4,"column":0},"end":{"line":4,"column":33}},"4":{"start":{"line":5,"column":0},"end":{"line":5,"column":56}},"5":{"start":{"line":6,"column":0},"end":{"line":6,"column":51}},"6":{"start":{"line":7,"column":0},"end":{"line":7,"column":59}},"7":{"start":{"line":8,"column":0},"end":{"line":8,"column":41}},"8":{"start":{"line":9,"column":0},"end":{"line":9,"column":70}},"9":{"start":{"line":10,"column":0},"end":{"line":10,"column":29}},"10":{"start":{"line":13,"column":30},"end":{"line":13,"column":39}},"11":{"start":{"line":19,"column":6},"end":{"line":26,"column":4}},"12":{"start":{"line":21,"column":6},"end":{"line":21,"column":41}},"13":{"start":{"line":24,"column":6},"end":{"line":24,"column":50}},"14":{"start":{"line":29,"column":2},"end":{"line":33,"column":41}},"15":{"start":{"line":30,"column":4},"end":{"line":32,"column":5}},"16":{"start":{"line":31,"column":6},"end":{"line":31,"column":32}},"17":{"start":{"line":36,"column":2},"end":{"line":54,"column":24}},"18":{"start":{"line":37,"column":21},"end":{"line":51,"column":5}},"19":{"start":{"line":38,"column":6},"end":{"line":50,"column":7}},"20":{"start":{"line":39,"column":8},"end":{"line":49,"column":9}},"21":{"start":{"line":41,"column":31},"end":{"line":41,"column":54}},"22":{"start":{"line":42,"column":10},"end":{"line":46,"column":11}},"23":{"start":{"line":44,"column":12},"end":{"line":44,"column":32}},"24":{"start":{"line":45,"column":12},"end":{"line":45,"column":66}},"25":{"start":{"line":48,"column":10},"end":{"line":48,"column":58}},"26":{"start":{"line":53,"column":4},"end":{"line":53,"column":15}},"27":{"start":{"line":56,"column":2},"end":{"line":74,"column":4}},"28":{"start":{"line":77,"column":0},"end":{"line":77,"column":19}}},"fnMap":{"0":{"name":"App","decl":{"start":{"line":12,"column":9},"end":{"line":12,"column":12}},"loc":{"start":{"line":12,"column":12},"end":{"line":75,"column":1}}},"1":{"name":"(anonymous_2)","decl":{"start":{"line":20,"column":4},"end":{"line":20,"column":16}},"loc":{"start":{"line":20,"column":57},"end":{"line":22,"column":5}}},"2":{"name":"(anonymous_3)","decl":{"start":{"line":23,"column":4},"end":{"line":23,"column":19}},"loc":{"start":{"line":23,"column":34},"end":{"line":25,"column":5}}},"3":{"name":"(anonymous_4)","decl":{"start":{"line":29,"column":12},"end":{"line":29,"column":15}},"loc":{"start":{"line":29,"column":17},"end":{"line":33,"column":3}}},"4":{"name":"(anonymous_5)","decl":{"start":{"line":36,"column":12},"end":{"line":36,"column":15}},"loc":{"start":{"line":36,"column":17},"end":{"line":54,"column":3}}},"5":{"name":"(anonymous_6)","decl":{"start":{"line":37,"column":21},"end":{"line":37,"column":26}},"loc":{"start":{"line":37,"column":32},"end":{"line":51,"column":5}}}},"branchMap":{"0":{"loc":{"start":{"line":30,"column":4},"end":{"line":32,"column":5}},"type":"if","locations":[{"start":{"line":30,"column":4},"end":{"line":32,"column":5}},{"start":{},"end":{}}]},"1":{"loc":{"start":{"line":38,"column":6},"end":{"line":50,"column":7}},"type":"if","locations":[{"start":{"line":38,"column":6},"end":{"line":50,"column":7}},{"start":{},"end":{}}]},"2":{"loc":{"start":{"line":42,"column":10},"end":{"line":46,"column":11}},"type":"if","locations":[{"start":{"line":42,"column":10},"end":{"line":46,"column":11}},{"start":{},"end":{}}]},"3":{"loc":{"start":{"line":42,"column":14},"end":{"line":42,"column":96}},"type":"binary-expr","locations":[{"start":{"line":42,"column":14},"end":{"line":42,"column":27}},{"start":{"line":42,"column":31},"end":{"line":42,"column":55}},{"start":{"line":42,"column":59},"end":{"line":42,"column":96}}]}},"s":{"0":0,"1":0,"2":0,"3":0,"4":0,"5":0,"6":0,"7":0,"8":0,"9":0,"10":0,"11":0,"12":0,"13":0,"14":0,"15":0,"16":0,"17":0,"18":0,"19":0,"20":0,"21":0,"22":0,"23":0,"24":0,"25":0,"26":0,"27":0,"28":0},"f":{"0":0,"1":0,"2":0,"3":0,"4":0,"5":0},"b":{"0":[0,0],"1":[0,0],"2":[0,0],"3":[0,0,0]}}
,"C:\\Users\\ELAZZOUTISalaheddine\\Desktop\\GreenSentinel-Citizen-App\\pro-app\\src\\router.tsx": {"path":"C:\\Users\\ELAZZOUTISalaheddine\\Desktop\\GreenSentinel-Citizen-App\\pro-app\\src\\router.tsx","statementMap":{"0":{"start":{"line":1,"column":0},"end":{"line":1,"column":46}},"1":{"start":{"line":2,"column":0},"end":{"line":2,"column":59}},"2":{"start":{"line":3,"column":0},"end":{"line":3,"column":53}},"3":{"start":{"line":4,"column":0},"end":{"line":4,"column":42}},"4":{"start":{"line":7,"column":22},"end":{"line":7,"column":65}},"5":{"start":{"line":7,"column":32},"end":{"line":7,"column":64}},"6":{"start":{"line":8,"column":27},"end":{"line":8,"column":75}},"7":{"start":{"line":8,"column":37},"end":{"line":8,"column":74}},"8":{"start":{"line":9,"column":21},"end":{"line":9,"column":63}},"9":{"start":{"line":9,"column":31},"end":{"line":9,"column":62}},"10":{"start":{"line":10,"column":16},"end":{"line":10,"column":53}},"11":{"start":{"line":10,"column":26},"end":{"line":10,"column":52}},"12":{"start":{"line":13,"column":23},"end":{"line":16,"column":null}},"13":{"start":{"line":14,"column":2},"end":{"line":15,"column":null}},"14":{"start":{"line":19,"column":28},"end":{"line":68,"column":1}},"15":{"start":{"line":20,"column":2},"end":{"line":67,"column":4}},"16":{"start":{"line":70,"column":0},"end":{"line":70,"column":25}}},"fnMap":{"0":{"name":"(anonymous_10)","decl":{"start":{"line":7,"column":27},"end":{"line":7,"column":30}},"loc":{"start":{"line":7,"column":32},"end":{"line":7,"column":64}}},"1":{"name":"(anonymous_11)","decl":{"start":{"line":7,"column":32},"end":{"line":7,"column":40}},"loc":{"start":{"line":7,"column":32},"end":{"line":7,"column":64}}},"2":{"name":"(anonymous_12)","decl":{"start":{"line":8,"column":32},"end":{"line":8,"column":35}},"loc":{"start":{"line":8,"column":37},"end":{"line":8,"column":74}}},"3":{"name":"(anonymous_13)","decl":{"start":{"line":8,"column":37},"end":{"line":8,"column":45}},"loc":{"start":{"line":8,"column":37},"end":{"line":8,"column":74}}},"4":{"name":"(anonymous_14)","decl":{"start":{"line":9,"column":26},"end":{"line":9,"column":29}},"loc":{"start":{"line":9,"column":31},"end":{"line":9,"column":62}}},"5":{"name":"(anonymous_15)","decl":{"start":{"line":9,"column":31},"end":{"line":9,"column":39}},"loc":{"start":{"line":9,"column":31},"end":{"line":9,"column":62}}},"6":{"name":"(anonymous_16)","decl":{"start":{"line":10,"column":21},"end":{"line":10,"column":24}},"loc":{"start":{"line":10,"column":26},"end":{"line":10,"column":52}}},"7":{"name":"(anonymous_17)","decl":{"start":{"line":10,"column":26},"end":{"line":10,"column":34}},"loc":{"start":{"line":10,"column":26},"end":{"line":10,"column":52}}},"8":{"name":"(anonymous_18)","decl":{"start":{"line":13,"column":23},"end":{"line":13,"column":26}},"loc":{"start":{"line":14,"column":2},"end":{"line":15,"column":null}}},"9":{"name":"(anonymous_19)","decl":{"start":{"line":19,"column":28},"end":{"line":19,"column":31}},"loc":{"start":{"line":19,"column":33},"end":{"line":68,"column":1}}}},"branchMap":{},"s":{"0":0,"1":0,"2":0,"3":0,"4":0,"5":0,"6":0,"7":0,"8":0,"9":0,"10":0,"11":0,"12":0,"13":0,"14":0,"15":0,"16":0},"f":{"0":0,"1":0,"2":0,"3":0,"4":0,"5":0,"6":0,"7":0,"8":0,"9":0},"b":{}}
,"C:\\Users\\ELAZZOUTISalaheddine\\Desktop\\GreenSentinel-Citizen-App\\pro-app\\src\\sw.ts": {"path":"C:\\Users\\ELAZZOUTISalaheddine\\Desktop\\GreenSentinel-Citizen-App\\pro-app\\src\\sw.ts","statementMap":{"0":{"start":{"line":3,"column":0},"end":{"line":3,"column":101}},"1":{"start":{"line":4,"column":0},"end":{"line":4,"column":64}},"2":{"start":{"line":5,"column":0},"end":{"line":5,"column":83}},"3":{"start":{"line":6,"column":0},"end":{"line":6,"column":53}},"4":{"start":{"line":11,"column":0},"end":{"line":15,"column":null}},"5":{"start":{"line":12,"column":2},"end":{"line":14,"column":3}},"6":{"start":{"line":13,"column":4},"end":{"line":13,"column":null}},"7":{"start":{"line":18,"column":0},"end":{"line":18,"column":null}},"8":{"start":{"line":21,"column":17},"end":{"line":21,"column":35}},"9":{"start":{"line":22,"column":0},"end":{"line":22,"column":null}},"10":{"start":{"line":25,"column":16},"end":{"line":25,"column":54}},"11":{"start":{"line":26,"column":24},"end":{"line":29,"column":2}},"12":{"start":{"line":30,"column":0},"end":{"line":30,"column":null}},"13":{"start":{"line":33,"column":0},"end":{"line":47,"column":null}},"14":{"start":{"line":35,"column":4},"end":{"line":37,"column":35}},"15":{"start":{"line":50,"column":0},"end":{"line":61,"column":null}},"16":{"start":{"line":51,"column":15},"end":{"line":51,"column":47}},"17":{"start":{"line":64,"column":0},"end":{"line":69,"column":null}},"18":{"start":{"line":65,"column":19},"end":{"line":65,"column":51}},"19":{"start":{"line":72,"column":0},"end":{"line":90,"column":null}},"20":{"start":{"line":73,"column":15},"end":{"line":73,"column":39}},"21":{"start":{"line":74,"column":16},"end":{"line":74,"column":47}},"22":{"start":{"line":75,"column":18},"end":{"line":87,"column":null}},"23":{"start":{"line":89,"column":2},"end":{"line":89,"column":null}},"24":{"start":{"line":96,"column":0},"end":{"line":114,"column":null}},"25":{"start":{"line":97,"column":2},"end":{"line":97,"column":null}},"26":{"start":{"line":99,"column":2},"end":{"line":113,"column":3}},"27":{"start":{"line":100,"column":4},"end":{"line":102,"column":null}},"28":{"start":{"line":104,"column":4},"end":{"line":112,"column":null}},"29":{"start":{"line":106,"column":8},"end":{"line":110,"column":9}},"30":{"start":{"line":107,"column":10},"end":{"line":107,"column":null}},"31":{"start":{"line":109,"column":10},"end":{"line":109,"column":null}}},"fnMap":{"0":{"name":"(anonymous_0)","decl":{"start":{"line":11,"column":33},"end":{"line":11,"column":34}},"loc":{"start":{"line":11,"column":43},"end":{"line":15,"column":1}}},"1":{"name":"(anonymous_1)","decl":{"start":{"line":34,"column":2},"end":{"line":34,"column":3}},"loc":{"start":{"line":35,"column":4},"end":{"line":37,"column":35}}},"2":{"name":"(anonymous_2)","decl":{"start":{"line":51,"column":2},"end":{"line":51,"column":3}},"loc":{"start":{"line":51,"column":15},"end":{"line":51,"column":47}}},"3":{"name":"(anonymous_3)","decl":{"start":{"line":65,"column":2},"end":{"line":65,"column":3}},"loc":{"start":{"line":65,"column":19},"end":{"line":65,"column":51}}},"4":{"name":"(anonymous_4)","decl":{"start":{"line":72,"column":30},"end":{"line":72,"column":31}},"loc":{"start":{"line":72,"column":40},"end":{"line":90,"column":1}}},"5":{"name":"(anonymous_5)","decl":{"start":{"line":96,"column":43},"end":{"line":96,"column":44}},"loc":{"start":{"line":96,"column":53},"end":{"line":114,"column":1}}},"6":{"name":"(anonymous_6)","decl":{"start":{"line":105,"column":48},"end":{"line":105,"column":49}},"loc":{"start":{"line":105,"column":91},"end":{"line":111,"column":7}}}},"branchMap":{"0":{"loc":{"start":{"line":12,"column":2},"end":{"line":14,"column":3}},"type":"if","locations":[{"start":{"line":12,"column":2},"end":{"line":14,"column":3}},{"start":{},"end":{}}]},"1":{"loc":{"start":{"line":12,"column":6},"end":{"line":12,"column":54}},"type":"binary-expr","locations":[{"start":{"line":12,"column":6},"end":{"line":12,"column":16}},{"start":{"line":12,"column":20},"end":{"line":12,"column":54}}]},"2":{"loc":{"start":{"line":35,"column":4},"end":{"line":37,"column":35}},"type":"binary-expr","locations":[{"start":{"line":35,"column":4},"end":{"line":35,"column":35}},{"start":{"line":36,"column":4},"end":{"line":36,"column":34}},{"start":{"line":37,"column":4},"end":{"line":37,"column":35}}]},"3":{"loc":{"start":{"line":73,"column":15},"end":{"line":73,"column":39}},"type":"binary-expr","locations":[{"start":{"line":73,"column":15},"end":{"line":73,"column":33}},{"start":{"line":73,"column":37},"end":{"line":73,"column":39}}]},"4":{"loc":{"start":{"line":74,"column":16},"end":{"line":74,"column":47}},"type":"binary-expr","locations":[{"start":{"line":74,"column":16},"end":{"line":74,"column":26}},{"start":{"line":74,"column":30},"end":{"line":74,"column":47}}]},"5":{"loc":{"start":{"line":76,"column":10},"end":{"line":76,"column":57}},"type":"binary-expr","locations":[{"start":{"line":76,"column":10},"end":{"line":76,"column":19}},{"start":{"line":76,"column":23},"end":{"line":76,"column":57}}]},"6":{"loc":{"start":{"line":79,"column":10},"end":{"line":79,"column":25}},"type":"binary-expr","locations":[{"start":{"line":79,"column":10},"end":{"line":79,"column":19}},{"start":{"line":79,"column":23},"end":{"line":79,"column":25}}]},"7":{"loc":{"start":{"line":99,"column":2},"end":{"line":113,"column":3}},"type":"if","locations":[{"start":{"line":99,"column":2},"end":{"line":113,"column":3}},{"start":{"line":103,"column":9},"end":{"line":113,"column":3}}]},"8":{"loc":{"start":{"line":99,"column":6},"end":{"line":99,"column":68}},"type":"binary-expr","locations":[{"start":{"line":99,"column":6},"end":{"line":99,"column":29}},{"start":{"line":99,"column":33},"end":{"line":99,"column":68}}]},"9":{"loc":{"start":{"line":106,"column":8},"end":{"line":110,"column":9}},"type":"if","locations":[{"start":{"line":106,"column":8},"end":{"line":110,"column":9}},{"start":{"line":108,"column":15},"end":{"line":110,"column":9}}]}},"s":{"0":0,"1":0,"2":0,"3":0,"4":0,"5":0,"6":0,"7":0,"8":0,"9":0,"10":0,"11":0,"12":0,"13":0,"14":0,"15":0,"16":0,"17":0,"18":0,"19":0,"20":0,"21":0,"22":0,"23":0,"24":0,"25":0,"26":0,"27":0,"28":0,"29":0,"30":0,"31":0},"f":{"0":0,"1":0,"2":0,"3":0,"4":0,"5":0,"6":0},"b":{"0":[0,0],"1":[0,0],"2":[0,0,0],"3":[0,0],"4":[0,0],"5":[0,0],"6":[0,0],"7":[0,0],"8":[0,0],"9":[0,0]}}
,"C:\\Users\\ELAZZOUTISalaheddine\\Desktop\\GreenSentinel-Citizen-App\\pro-app\\src\\api\\axiosInstance.ts": {"path":"C:\\Users\\ELAZZOUTISalaheddine\\Desktop\\GreenSentinel-Citizen-App\\pro-app\\src\\api\\axiosInstance.ts","statementMap":{"0":{"start":{"line":1,"column":0},"end":{"line":1,"column":26}},"1":{"start":{"line":4,"column":22},"end":{"line":10,"column":2}},"2":{"start":{"line":13,"column":0},"end":{"line":25,"column":2}},"3":{"start":{"line":15,"column":18},"end":{"line":15,"column":54}},"4":{"start":{"line":16,"column":4},"end":{"line":19,"column":5}},"5":{"start":{"line":17,"column":6},"end":{"line":17,"column":44}},"6":{"start":{"line":18,"column":6},"end":{"line":18,"column":55}},"7":{"start":{"line":20,"column":4},"end":{"line":20,"column":18}},"8":{"start":{"line":23,"column":4},"end":{"line":23,"column":33}},"9":{"start":{"line":28,"column":0},"end":{"line":40,"column":2}},"10":{"start":{"line":29,"column":16},"end":{"line":29,"column":24}},"11":{"start":{"line":31,"column":4},"end":{"line":37,"column":5}},"12":{"start":{"line":33,"column":6},"end":{"line":33,"column":46}},"13":{"start":{"line":35,"column":6},"end":{"line":35,"column":59}},"14":{"start":{"line":36,"column":6},"end":{"line":36,"column":38}},"15":{"start":{"line":38,"column":4},"end":{"line":38,"column":33}},"16":{"start":{"line":42,"column":0},"end":{"line":42,"column":29}}},"fnMap":{"0":{"name":"(anonymous_1)","decl":{"start":{"line":14,"column":2},"end":{"line":14,"column":3}},"loc":{"start":{"line":14,"column":13},"end":{"line":21,"column":3}}},"1":{"name":"(anonymous_2)","decl":{"start":{"line":22,"column":2},"end":{"line":22,"column":3}},"loc":{"start":{"line":22,"column":12},"end":{"line":24,"column":3}}},"2":{"name":"(anonymous_3)","decl":{"start":{"line":29,"column":2},"end":{"line":29,"column":3}},"loc":{"start":{"line":29,"column":16},"end":{"line":29,"column":24}}},"3":{"name":"(anonymous_4)","decl":{"start":{"line":30,"column":2},"end":{"line":30,"column":3}},"loc":{"start":{"line":30,"column":12},"end":{"line":39,"column":3}}}},"branchMap":{"0":{"loc":{"start":{"line":5,"column":11},"end":{"line":5,"column":67}},"type":"binary-expr","locations":[{"start":{"line":5,"column":11},"end":{"line":5,"column":40}},{"start":{"line":5,"column":44},"end":{"line":5,"column":67}}]},"1":{"loc":{"start":{"line":16,"column":4},"end":{"line":19,"column":5}},"type":"if","locations":[{"start":{"line":16,"column":4},"end":{"line":19,"column":5}},{"start":{},"end":{}}]},"2":{"loc":{"start":{"line":17,"column":23},"end":{"line":17,"column":43}},"type":"binary-expr","locations":[{"start":{"line":17,"column":23},"end":{"line":17,"column":37}},{"start":{"line":17,"column":41},"end":{"line":17,"column":43}}]},"3":{"loc":{"start":{"line":31,"column":4},"end":{"line":37,"column":5}},"type":"if","locations":[{"start":{"line":31,"column":4},"end":{"line":37,"column":5}},{"start":{},"end":{}}]}},"s":{"0":0,"1":0,"2":0,"3":0,"4":0,"5":0,"6":0,"7":0,"8":0,"9":0,"10":0,"11":0,"12":0,"13":0,"14":0,"15":0,"16":0},"f":{"0":0,"1":0,"2":0,"3":0},"b":{"0":[0,0],"1":[0,0],"2":[0,0],"3":[0,0]}}
,"C:\\Users\\ELAZZOUTISalaheddine\\Desktop\\GreenSentinel-Citizen-App\\pro-app\\src\\api\\incidentsApi.ts": {"path":"C:\\Users\\ELAZZOUTISalaheddine\\Desktop\\GreenSentinel-Citizen-App\\pro-app\\src\\api\\incidentsApi.ts","statementMap":{"0":{"start":{"line":1,"column":0},"end":{"line":1,"column":44}},"1":{"start":{"line":10,"column":27},"end":{"line":13,"column":1}},"2":{"start":{"line":11,"column":19},"end":{"line":11,"column":69}},"3":{"start":{"line":12,"column":2},"end":{"line":12,"column":23}},"4":{"start":{"line":10,"column":13},"end":{"line":10,"column":27}},"5":{"start":{"line":18,"column":26},"end":{"line":20,"column":1}},"6":{"start":{"line":19,"column":2},"end":{"line":19,"column":67}},"7":{"start":{"line":18,"column":13},"end":{"line":18,"column":26}}},"fnMap":{"0":{"name":"(anonymous_1)","decl":{"start":{"line":10,"column":27},"end":{"line":10,"column":32}},"loc":{"start":{"line":10,"column":70},"end":{"line":13,"column":1}}},"1":{"name":"(anonymous_2)","decl":{"start":{"line":18,"column":26},"end":{"line":18,"column":31}},"loc":{"start":{"line":18,"column":69},"end":{"line":20,"column":1}}}},"branchMap":{},"s":{"0":0,"1":0,"2":0,"3":0,"4":0,"5":0,"6":0,"7":0},"f":{"0":0,"1":0},"b":{}}
,"C:\\Users\\ELAZZOUTISalaheddine\\Desktop\\GreenSentinel-Citizen-App\\pro-app\\src\\api\\tokensApi.ts": {"path":"C:\\Users\\ELAZZOUTISalaheddine\\Desktop\\GreenSentinel-Citizen-App\\pro-app\\src\\api\\tokensApi.ts","statementMap":{"0":{"start":{"line":1,"column":0},"end":{"line":1,"column":26}},"1":{"start":{"line":3,"column":16},"end":{"line":3,"column":71}},"2":{"start":{"line":8,"column":13},"end":{"line":32,"column":2}},"3":{"start":{"line":15,"column":4},"end":{"line":30,"column":5}},"4":{"start":{"line":17,"column":6},"end":{"line":26,"column":8}},"5":{"start":{"line":28,"column":6},"end":{"line":28,"column":72}},"6":{"start":{"line":29,"column":6},"end":{"line":29,"column":18}}},"fnMap":{"0":{"name":"(anonymous_1)","decl":{"start":{"line":14,"column":13},"end":{"line":14,"column":18}},"loc":{"start":{"line":14,"column":52},"end":{"line":31,"column":3}}}},"branchMap":{"0":{"loc":{"start":{"line":3,"column":16},"end":{"line":3,"column":71}},"type":"binary-expr","locations":[{"start":{"line":3,"column":16},"end":{"line":3,"column":44}},{"start":{"line":3,"column":48},"end":{"line":3,"column":71}}]}},"s":{"0":0,"1":0,"2":0,"3":0,"4":0,"5":0,"6":0},"f":{"0":0},"b":{"0":[0,0]}}
,"C:\\Users\\ELAZZOUTISalaheddine\\Desktop\\GreenSentinel-Citizen-App\\pro-app\\src\\auth\\AuthProvider.tsx": {"path":"C:\\Users\\ELAZZOUTISalaheddine\\Desktop\\GreenSentinel-Citizen-App\\pro-app\\src\\auth\\AuthProvider.tsx","statementMap":{"0":{"start":{"line":1,"column":0},"end":{"line":1,"column":78}},"1":{"start":{"line":3,"column":0},"end":{"line":3,"column":39}},"2":{"start":{"line":4,"column":0},"end":{"line":4,"column":26}},"3":{"start":{"line":20,"column":20},"end":{"line":20,"column":73}},"4":{"start":{"line":26,"column":57},"end":{"line":108,"column":1}},"5":{"start":{"line":27,"column":26},"end":{"line":27,"column":53}},"6":{"start":{"line":28,"column":36},"end":{"line":28,"column":50}},"7":{"start":{"line":31,"column":25},"end":{"line":38,"column":3}},"8":{"start":{"line":32,"column":4},"end":{"line":37,"column":5}},"9":{"start":{"line":33,"column":22},"end":{"line":33,"column":44}},"10":{"start":{"line":34,"column":6},"end":{"line":34,"column":46}},"11":{"start":{"line":36,"column":6},"end":{"line":36,"column":18}},"12":{"start":{"line":41,"column":2},"end":{"line":53,"column":13}},"13":{"start":{"line":42,"column":4},"end":{"line":52,"column":5}},"14":{"start":{"line":43,"column":30},"end":{"line":43,"column":60}},"15":{"start":{"line":44,"column":6},"end":{"line":51,"column":7}},"16":{"start":{"line":45,"column":24},"end":{"line":47,"column":27}},"17":{"start":{"line":46,"column":10},"end":{"line":46,"column":19}},"18":{"start":{"line":48,"column":8},"end":{"line":48,"column":43}},"19":{"start":{"line":48,"column":21},"end":{"line":48,"column":42}},"20":{"start":{"line":50,"column":8},"end":{"line":50,"column":17}},"21":{"start":{"line":56,"column":2},"end":{"line":72,"column":9}},"22":{"start":{"line":57,"column":27},"end":{"line":69,"column":5}},"23":{"start":{"line":58,"column":20},"end":{"line":58,"column":56}},"24":{"start":{"line":59,"column":6},"end":{"line":67,"column":7}},"25":{"start":{"line":60,"column":8},"end":{"line":66,"column":9}},"26":{"start":{"line":61,"column":26},"end":{"line":61,"column":48}},"27":{"start":{"line":62,"column":10},"end":{"line":62,"column":27}},"28":{"start":{"line":64,"column":10},"end":{"line":64,"column":56}},"29":{"start":{"line":65,"column":10},"end":{"line":65,"column":50}},"30":{"start":{"line":68,"column":6},"end":{"line":68,"column":26}},"31":{"start":{"line":71,"column":4},"end":{"line":71,"column":21}},"32":{"start":{"line":74,"column":16},"end":{"line":92,"column":3}},"33":{"start":{"line":75,"column":4},"end":{"line":91,"column":5}},"34":{"start":{"line":76,"column":22},"end":{"line":76,"column":78}},"35":{"start":{"line":77,"column":23},"end":{"line":77,"column":80}},"36":{"start":{"line":79,"column":31},"end":{"line":79,"column":44}},"37":{"start":{"line":81,"column":6},"end":{"line":86,"column":7}},"38":{"start":{"line":82,"column":8},"end":{"line":82,"column":59}},"39":{"start":{"line":83,"column":24},"end":{"line":83,"column":53}},"40":{"start":{"line":84,"column":8},"end":{"line":84,"column":25}},"41":{"start":{"line":85,"column":8},"end":{"line":85,"column":20}},"42":{"start":{"line":87,"column":6},"end":{"line":87,"column":19}},"43":{"start":{"line":89,"column":6},"end":{"line":89,"column":43}},"44":{"start":{"line":90,"column":6},"end":{"line":90,"column":19}},"45":{"start":{"line":94,"column":17},"end":{"line":97,"column":3}},"46":{"start":{"line":95,"column":4},"end":{"line":95,"column":44}},"47":{"start":{"line":96,"column":4},"end":{"line":96,"column":18}},"48":{"start":{"line":99,"column":33},"end":{"line":105,"column":4}},"49":{"start":{"line":107,"column":2},"end":{"line":107,"column":79}},"50":{"start":{"line":26,"column":13},"end":{"line":26,"column":57}},"51":{"start":{"line":110,"column":23},"end":{"line":116,"column":1}},"52":{"start":{"line":111,"column":18},"end":{"line":111,"column":41}},"53":{"start":{"line":112,"column":2},"end":{"line":114,"column":3}},"54":{"start":{"line":113,"column":4},"end":{"line":113,"column":67}},"55":{"start":{"line":115,"column":2},"end":{"line":115,"column":17}},"56":{"start":{"line":110,"column":13},"end":{"line":110,"column":23}}},"fnMap":{"0":{"name":"(anonymous_10)","decl":{"start":{"line":26,"column":57},"end":{"line":26,"column":58}},"loc":{"start":{"line":26,"column":74},"end":{"line":108,"column":1}}},"1":{"name":"(anonymous_11)","decl":{"start":{"line":31,"column":25},"end":{"line":31,"column":26}},"loc":{"start":{"line":31,"column":52},"end":{"line":38,"column":3}}},"2":{"name":"(anonymous_12)","decl":{"start":{"line":41,"column":12},"end":{"line":41,"column":15}},"loc":{"start":{"line":41,"column":17},"end":{"line":53,"column":3}}},"3":{"name":"(anonymous_13)","decl":{"start":{"line":45,"column":35},"end":{"line":45,"column":38}},"loc":{"start":{"line":45,"column":40},"end":{"line":47,"column":9}}},"4":{"name":"(anonymous_14)","decl":{"start":{"line":48,"column":15},"end":{"line":48,"column":18}},"loc":{"start":{"line":48,"column":21},"end":{"line":48,"column":42}}},"5":{"name":"(anonymous_15)","decl":{"start":{"line":56,"column":12},"end":{"line":56,"column":15}},"loc":{"start":{"line":56,"column":17},"end":{"line":72,"column":3}}},"6":{"name":"(anonymous_16)","decl":{"start":{"line":57,"column":27},"end":{"line":57,"column":30}},"loc":{"start":{"line":57,"column":32},"end":{"line":69,"column":5}}},"7":{"name":"(anonymous_17)","decl":{"start":{"line":74,"column":16},"end":{"line":74,"column":21}},"loc":{"start":{"line":74,"column":76},"end":{"line":92,"column":3}}},"8":{"name":"(anonymous_18)","decl":{"start":{"line":94,"column":17},"end":{"line":94,"column":20}},"loc":{"start":{"line":94,"column":22},"end":{"line":97,"column":3}}},"9":{"name":"(anonymous_19)","decl":{"start":{"line":110,"column":23},"end":{"line":110,"column":26}},"loc":{"start":{"line":110,"column":28},"end":{"line":116,"column":1}}}},"branchMap":{"0":{"loc":{"start":{"line":42,"column":4},"end":{"line":52,"column":5}},"type":"if","locations":[{"start":{"line":42,"column":4},"end":{"line":52,"column":5}},{"start":{},"end":{}}]},"1":{"loc":{"start":{"line":44,"column":6},"end":{"line":51,"column":7}},"type":"if","locations":[{"start":{"line":44,"column":6},"end":{"line":51,"column":7}},{"start":{"line":49,"column":13},"end":{"line":51,"column":7}}]},"2":{"loc":{"start":{"line":59,"column":6},"end":{"line":67,"column":7}},"type":"if","locations":[{"start":{"line":59,"column":6},"end":{"line":67,"column":7}},{"start":{},"end":{}}]},"3":{"loc":{"start":{"line":59,"column":10},"end":{"line":59,"column":41}},"type":"binary-expr","locations":[{"start":{"line":59,"column":10},"end":{"line":59,"column":15}},{"start":{"line":59,"column":19},"end":{"line":59,"column":41}}]},"4":{"loc":{"start":{"line":76,"column":22},"end":{"line":76,"column":78}},"type":"binary-expr","locations":[{"start":{"line":76,"column":22},"end":{"line":76,"column":51}},{"start":{"line":76,"column":55},"end":{"line":76,"column":78}}]},"5":{"loc":{"start":{"line":81,"column":6},"end":{"line":86,"column":7}},"type":"if","locations":[{"start":{"line":81,"column":6},"end":{"line":86,"column":7}},{"start":{},"end":{}}]},"6":{"loc":{"start":{"line":112,"column":2},"end":{"line":114,"column":3}},"type":"if","locations":[{"start":{"line":112,"column":2},"end":{"line":114,"column":3}},{"start":{},"end":{}}]}},"s":{"0":0,"1":0,"2":0,"3":0,"4":0,"5":0,"6":0,"7":0,"8":0,"9":0,"10":0,"11":0,"12":0,"13":0,"14":0,"15":0,"16":0,"17":0,"18":0,"19":0,"20":0,"21":0,"22":0,"23":0,"24":0,"25":0,"26":0,"27":0,"28":0,"29":0,"30":0,"31":0,"32":0,"33":0,"34":0,"35":0,"36":0,"37":0,"38":0,"39":0,"40":0,"41":0,"42":0,"43":0,"44":0,"45":0,"46":0,"47":0,"48":0,"49":0,"50":0,"51":0,"52":0,"53":0,"54":0,"55":0,"56":0},"f":{"0":0,"1":0,"2":0,"3":0,"4":0,"5":0,"6":0,"7":0,"8":0,"9":0},"b":{"0":[0,0],"1":[0,0],"2":[0,0],"3":[0,0],"4":[0,0],"5":[0,0],"6":[0,0]}}
,"C:\\Users\\ELAZZOUTISalaheddine\\Desktop\\GreenSentinel-Citizen-App\\pro-app\\src\\auth\\useAuth.ts": {"path":"C:\\Users\\ELAZZOUTISalaheddine\\Desktop\\GreenSentinel-Citizen-App\\pro-app\\src\\auth\\useAuth.ts","statementMap":{"0":{"start":{"line":1,"column":0},"end":{"line":1,"column":59}},"1":{"start":{"line":4,"column":13},"end":{"line":4,"column":38}}},"fnMap":{},"branchMap":{},"s":{"0":0,"1":0},"f":{},"b":{}}
,"C:\\Users\\ELAZZOUTISalaheddine\\Desktop\\GreenSentinel-Citizen-App\\pro-app\\src\\components\\IncidentCard.tsx": {"path":"C:\\Users\\ELAZZOUTISalaheddine\\Desktop\\GreenSentinel-Citizen-App\\pro-app\\src\\components\\IncidentCard.tsx","statementMap":{"0":{"start":{"line":1,"column":0},"end":{"line":1,"column":26}},"1":{"start":{"line":2,"column":0},"end":{"line":2,"column":81}},"2":{"start":{"line":3,"column":0},"end":{"line":3,"column":40}},"3":{"start":{"line":10,"column":50},"end":{"line":125,"column":1}},"4":{"start":{"line":12,"column":21},"end":{"line":21,"column":3}},"5":{"start":{"line":13,"column":17},"end":{"line":13,"column":34}},"6":{"start":{"line":14,"column":4},"end":{"line":20,"column":20}},"7":{"start":{"line":24,"column":29},"end":{"line":28,"column":3}},"8":{"start":{"line":25,"column":4},"end":{"line":25,"column":49}},"9":{"start":{"line":25,"column":27},"end":{"line":25,"column":49}},"10":{"start":{"line":26,"column":4},"end":{"line":26,"column":52}},"11":{"start":{"line":26,"column":27},"end":{"line":26,"column":52}},"12":{"start":{"line":27,"column":4},"end":{"line":27,"column":29}},"13":{"start":{"line":31,"column":24},"end":{"line":58,"column":3}},"14":{"start":{"line":32,"column":4},"end":{"line":57,"column":5}},"15":{"start":{"line":34,"column":8},"end":{"line":38,"column":10}},"16":{"start":{"line":40,"column":8},"end":{"line":44,"column":10}},"17":{"start":{"line":46,"column":8},"end":{"line":50,"column":10}},"18":{"start":{"line":52,"column":8},"end":{"line":56,"column":10}},"19":{"start":{"line":61,"column":28},"end":{"line":61,"column":65}},"20":{"start":{"line":62,"column":21},"end":{"line":62,"column":50}},"21":{"start":{"line":63,"column":21},"end":{"line":63,"column":36}},"22":{"start":{"line":65,"column":2},"end":{"line":124,"column":4}},"23":{"start":{"line":106,"column":12},"end":{"line":109,"column":14}},"24":{"start":{"line":127,"column":0},"end":{"line":127,"column":28}}},"fnMap":{"0":{"name":"(anonymous_1)","decl":{"start":{"line":10,"column":50},"end":{"line":10,"column":51}},"loc":{"start":{"line":10,"column":67},"end":{"line":125,"column":1}}},"1":{"name":"(anonymous_2)","decl":{"start":{"line":12,"column":21},"end":{"line":12,"column":22}},"loc":{"start":{"line":12,"column":41},"end":{"line":21,"column":3}}},"2":{"name":"(anonymous_3)","decl":{"start":{"line":24,"column":29},"end":{"line":24,"column":30}},"loc":{"start":{"line":24,"column":52},"end":{"line":28,"column":3}}},"3":{"name":"(anonymous_4)","decl":{"start":{"line":31,"column":24},"end":{"line":31,"column":25}},"loc":{"start":{"line":31,"column":43},"end":{"line":58,"column":3}}},"4":{"name":"(anonymous_5)","decl":{"start":{"line":104,"column":19},"end":{"line":104,"column":22}},"loc":{"start":{"line":104,"column":24},"end":{"line":110,"column":11}}}},"branchMap":{"0":{"loc":{"start":{"line":25,"column":4},"end":{"line":25,"column":49}},"type":"if","locations":[{"start":{"line":25,"column":4},"end":{"line":25,"column":49}},{"start":{},"end":{}}]},"1":{"loc":{"start":{"line":26,"column":4},"end":{"line":26,"column":52}},"type":"if","locations":[{"start":{"line":26,"column":4},"end":{"line":26,"column":52}},{"start":{},"end":{}}]},"2":{"loc":{"start":{"line":32,"column":4},"end":{"line":57,"column":5}},"type":"switch","locations":[{"start":{"line":33,"column":6},"end":{"line":38,"column":10}},{"start":{"line":39,"column":6},"end":{"line":44,"column":10}},{"start":{"line":45,"column":6},"end":{"line":50,"column":10}},{"start":{"line":51,"column":6},"end":{"line":56,"column":10}}]}},"s":{"0":0,"1":0,"2":0,"3":0,"4":0,"5":0,"6":0,"7":0,"8":0,"9":0,"10":0,"11":0,"12":0,"13":0,"14":0,"15":0,"16":0,"17":0,"18":0,"19":0,"20":0,"21":0,"22":0,"23":0,"24":0},"f":{"0":0,"1":0,"2":0,"3":0,"4":0},"b":{"0":[0,0],"1":[0,0],"2":[0,0,0,0]}}
,"C:\\Users\\ELAZZOUTISalaheddine\\Desktop\\GreenSentinel-Citizen-App\\pro-app\\src\\components\\IncidentMarker.tsx": {"path":"C:\\Users\\ELAZZOUTISalaheddine\\Desktop\\GreenSentinel-Citizen-App\\pro-app\\src\\components\\IncidentMarker.tsx","statementMap":{"0":{"start":{"line":1,"column":0},"end":{"line":1,"column":47}},"1":{"start":{"line":2,"column":0},"end":{"line":2,"column":46}},"2":{"start":{"line":3,"column":0},"end":{"line":3,"column":31}},"3":{"start":{"line":5,"column":0},"end":{"line":5,"column":34}},"4":{"start":{"line":12,"column":19},"end":{"line":39,"column":1}},"5":{"start":{"line":13,"column":14},"end":{"line":13,"column":16}},"6":{"start":{"line":15,"column":2},"end":{"line":27,"column":3}},"7":{"start":{"line":17,"column":6},"end":{"line":17,"column":23}},"8":{"start":{"line":18,"column":6},"end":{"line":18,"column":12}},"9":{"start":{"line":20,"column":6},"end":{"line":20,"column":21}},"10":{"start":{"line":21,"column":6},"end":{"line":21,"column":12}},"11":{"start":{"line":23,"column":6},"end":{"line":23,"column":22}},"12":{"start":{"line":24,"column":6},"end":{"line":24,"column":12}},"13":{"start":{"line":26,"column":6},"end":{"line":26,"column":20}},"14":{"start":{"line":29,"column":2},"end":{"line":38,"column":5}},"15":{"start":{"line":45,"column":54},"end":{"line":73,"column":1}},"16":{"start":{"line":46,"column":19},"end":{"line":46,"column":32}},"17":{"start":{"line":47,"column":15},"end":{"line":47,"column":41}},"18":{"start":{"line":50,"column":24},"end":{"line":52,"column":21}},"19":{"start":{"line":54,"column":2},"end":{"line":72,"column":4}},"20":{"start":{"line":65,"column":27},"end":{"line":65,"column":78}},"21":{"start":{"line":75,"column":0},"end":{"line":75,"column":30}}},"fnMap":{"0":{"name":"(anonymous_0)","decl":{"start":{"line":12,"column":19},"end":{"line":12,"column":20}},"loc":{"start":{"line":12,"column":55},"end":{"line":39,"column":1}}},"1":{"name":"(anonymous_1)","decl":{"start":{"line":45,"column":54},"end":{"line":45,"column":55}},"loc":{"start":{"line":45,"column":71},"end":{"line":73,"column":1}}},"2":{"name":"(anonymous_2)","decl":{"start":{"line":65,"column":21},"end":{"line":65,"column":24}},"loc":{"start":{"line":65,"column":27},"end":{"line":65,"column":78}}}},"branchMap":{"0":{"loc":{"start":{"line":15,"column":2},"end":{"line":27,"column":3}},"type":"switch","locations":[{"start":{"line":16,"column":4},"end":{"line":18,"column":12}},{"start":{"line":19,"column":4},"end":{"line":21,"column":12}},{"start":{"line":22,"column":4},"end":{"line":24,"column":12}},{"start":{"line":25,"column":4},"end":{"line":26,"column":20}}]},"1":{"loc":{"start":{"line":50,"column":24},"end":{"line":52,"column":21}},"type":"cond-expr","locations":[{"start":{"line":51,"column":6},"end":{"line":51,"column":62}},{"start":{"line":52,"column":6},"end":{"line":52,"column":21}}]},"2":{"loc":{"start":{"line":50,"column":24},"end":{"line":50,"column":84}},"type":"binary-expr","locations":[{"start":{"line":50,"column":24},"end":{"line":50,"column":42}},{"start":{"line":50,"column":46},"end":{"line":50,"column":84}}]},"3":{"loc":{"start":{"line":65,"column":27},"end":{"line":65,"column":78}},"type":"binary-expr","locations":[{"start":{"line":65,"column":27},"end":{"line":65,"column":38}},{"start":{"line":65,"column":42},"end":{"line":65,"column":78}}]}},"s":{"0":0,"1":0,"2":0,"3":0,"4":0,"5":0,"6":0,"7":0,"8":0,"9":0,"10":0,"11":0,"12":0,"13":0,"14":0,"15":0,"16":0,"17":0,"18":0,"19":0,"20":0,"21":0},"f":{"0":0,"1":0,"2":0},"b":{"0":[0,0,0,0],"1":[0,0],"2":[0,0],"3":[0,0]}}
,"C:\\Users\\ELAZZOUTISalaheddine\\Desktop\\GreenSentinel-Citizen-App\\pro-app\\src\\components\\MapContainer.tsx": {"path":"C:\\Users\\ELAZZOUTISalaheddine\\Desktop\\GreenSentinel-Citizen-App\\pro-app\\src\\components\\MapContainer.tsx","statementMap":{"0":{"start":{"line":1,"column":0},"end":{"line":1,"column":67}},"1":{"start":{"line":3,"column":0},"end":{"line":3,"column":79}},"2":{"start":{"line":15,"column":3},"end":{"line":17,"column":16}},"3":{"start":{"line":19,"column":21},"end":{"line":19,"column":23}},"4":{"start":{"line":21,"column":19},"end":{"line":26,"column":2}},"5":{"start":{"line":28,"column":29},"end":{"line":28,"column":57}},"6":{"start":{"line":28,"column":35},"end":{"line":28,"column":57}},"7":{"start":{"line":28,"column":13},"end":{"line":28,"column":29}},"8":{"start":{"line":40,"column":50},"end":{"line":66,"column":1}},"9":{"start":{"line":45,"column":30},"end":{"line":45,"column":66}},"10":{"start":{"line":46,"column":26},"end":{"line":46,"column":55}},"11":{"start":{"line":48,"column":2},"end":{"line":65,"column":4}},"12":{"start":{"line":68,"column":0},"end":{"line":68,"column":28}}},"fnMap":{"0":{"name":"(anonymous_9)","decl":{"start":{"line":23,"column":13},"end":{"line":23,"column":16}},"loc":{"start":{"line":23,"column":18},"end":{"line":23,"column":21}}},"1":{"name":"(anonymous_10)","decl":{"start":{"line":25,"column":11},"end":{"line":25,"column":14}},"loc":{"start":{"line":25,"column":16},"end":{"line":25,"column":19}}},"2":{"name":"(anonymous_11)","decl":{"start":{"line":28,"column":29},"end":{"line":28,"column":32}},"loc":{"start":{"line":28,"column":35},"end":{"line":28,"column":57}}},"3":{"name":"(anonymous_12)","decl":{"start":{"line":40,"column":50},"end":{"line":40,"column":51}},"loc":{"start":{"line":44,"column":5},"end":{"line":66,"column":1}}}},"branchMap":{"0":{"loc":{"start":{"line":15,"column":3},"end":{"line":17,"column":16}},"type":"cond-expr","locations":[{"start":{"line":16,"column":4},"end":{"line":16,"column":47}},{"start":{"line":17,"column":4},"end":{"line":17,"column":16}}]},"1":{"loc":{"start":{"line":42,"column":2},"end":{"line":42,"column":32}},"type":"default-arg","locations":[{"start":{"line":42,"column":18},"end":{"line":42,"column":32}}]},"2":{"loc":{"start":{"line":43,"column":2},"end":{"line":43,"column":28}},"type":"default-arg","locations":[{"start":{"line":43,"column":16},"end":{"line":43,"column":28}}]}},"s":{"0":0,"1":0,"2":0,"3":0,"4":0,"5":0,"6":0,"7":0,"8":0,"9":0,"10":0,"11":0,"12":0},"f":{"0":0,"1":0,"2":0,"3":0},"b":{"0":[0,0],"1":[0],"2":[0]}}
,"C:\\Users\\ELAZZOUTISalaheddine\\Desktop\\GreenSentinel-Citizen-App\\pro-app\\src\\components\\Navbar.tsx": {"path":"C:\\Users\\ELAZZOUTISalaheddine\\Desktop\\GreenSentinel-Citizen-App\\pro-app\\src\\components\\Navbar.tsx","statementMap":{"0":{"start":{"line":1,"column":0},"end":{"line":1,"column":26}},"1":{"start":{"line":2,"column":0},"end":{"line":2,"column":43}},"2":{"start":{"line":3,"column":0},"end":{"line":3,"column":81}},"3":{"start":{"line":4,"column":0},"end":{"line":4,"column":52}},"4":{"start":{"line":6,"column":25},"end":{"line":95,"column":1}},"5":{"start":{"line":7,"column":30},"end":{"line":7,"column":40}},"6":{"start":{"line":8,"column":34},"end":{"line":8,"column":55}},"7":{"start":{"line":11,"column":23},"end":{"line":22,"column":3}},"8":{"start":{"line":12,"column":4},"end":{"line":21,"column":5}},"9":{"start":{"line":14,"column":8},"end":{"line":14,"column":43}},"10":{"start":{"line":16,"column":8},"end":{"line":16,"column":44}},"11":{"start":{"line":18,"column":8},"end":{"line":18,"column":57}},"12":{"start":{"line":20,"column":8},"end":{"line":20,"column":43}},"13":{"start":{"line":25,"column":28},"end":{"line":28,"column":3}},"14":{"start":{"line":26,"column":4},"end":{"line":26,"column":23}},"15":{"start":{"line":27,"column":4},"end":{"line":27,"column":23}},"16":{"start":{"line":30,"column":2},"end":{"line":94,"column":4}},"17":{"start":{"line":41,"column":29},"end":{"line":41,"column":51}},"18":{"start":{"line":53,"column":33},"end":{"line":53,"column":59}},"19":{"start":{"line":60,"column":33},"end":{"line":60,"column":58}},"20":{"start":{"line":67,"column":33},"end":{"line":67,"column":60}},"21":{"start":{"line":78,"column":39},"end":{"line":78,"column":119}},"22":{"start":{"line":86,"column":39},"end":{"line":86,"column":119}},"23":{"start":{"line":97,"column":0},"end":{"line":97,"column":22}}},"fnMap":{"0":{"name":"(anonymous_1)","decl":{"start":{"line":6,"column":25},"end":{"line":6,"column":28}},"loc":{"start":{"line":6,"column":30},"end":{"line":95,"column":1}}},"1":{"name":"(anonymous_2)","decl":{"start":{"line":11,"column":23},"end":{"line":11,"column":26}},"loc":{"start":{"line":11,"column":28},"end":{"line":22,"column":3}}},"2":{"name":"(anonymous_3)","decl":{"start":{"line":25,"column":28},"end":{"line":25,"column":29}},"loc":{"start":{"line":25,"column":70},"end":{"line":28,"column":3}}},"3":{"name":"(anonymous_4)","decl":{"start":{"line":41,"column":23},"end":{"line":41,"column":26}},"loc":{"start":{"line":41,"column":29},"end":{"line":41,"column":51}}},"4":{"name":"(anonymous_5)","decl":{"start":{"line":53,"column":27},"end":{"line":53,"column":30}},"loc":{"start":{"line":53,"column":33},"end":{"line":53,"column":59}}},"5":{"name":"(anonymous_6)","decl":{"start":{"line":60,"column":27},"end":{"line":60,"column":30}},"loc":{"start":{"line":60,"column":33},"end":{"line":60,"column":58}}},"6":{"name":"(anonymous_7)","decl":{"start":{"line":67,"column":27},"end":{"line":67,"column":30}},"loc":{"start":{"line":67,"column":33},"end":{"line":67,"column":60}}},"7":{"name":"(anonymous_8)","decl":{"start":{"line":78,"column":23},"end":{"line":78,"column":24}},"loc":{"start":{"line":78,"column":39},"end":{"line":78,"column":119}}},"8":{"name":"(anonymous_9)","decl":{"start":{"line":86,"column":23},"end":{"line":86,"column":24}},"loc":{"start":{"line":86,"column":39},"end":{"line":86,"column":119}}}},"branchMap":{"0":{"loc":{"start":{"line":12,"column":4},"end":{"line":21,"column":5}},"type":"switch","locations":[{"start":{"line":13,"column":6},"end":{"line":14,"column":43}},{"start":{"line":15,"column":6},"end":{"line":16,"column":44}},{"start":{"line":17,"column":6},"end":{"line":18,"column":57}},{"start":{"line":19,"column":6},"end":{"line":20,"column":43}}]},"1":{"loc":{"start":{"line":49,"column":13},"end":{"line":72,"column":null}},"type":"binary-expr","locations":[{"start":{"line":49,"column":13},"end":{"line":49,"column":21}},{"start":{"line":50,"column":14},"end":{"line":71,"column":null}}]},"2":{"loc":{"start":{"line":52,"column":118},"end":{"line":52,"column":173}},"type":"cond-expr","locations":[{"start":{"line":52,"column":138},"end":{"line":52,"column":168}},{"start":{"line":52,"column":171},"end":{"line":52,"column":173}}]},"3":{"loc":{"start":{"line":59,"column":118},"end":{"line":59,"column":172}},"type":"cond-expr","locations":[{"start":{"line":59,"column":137},"end":{"line":59,"column":167}},{"start":{"line":59,"column":170},"end":{"line":59,"column":172}}]},"4":{"loc":{"start":{"line":66,"column":118},"end":{"line":66,"column":174}},"type":"cond-expr","locations":[{"start":{"line":66,"column":139},"end":{"line":66,"column":169}},{"start":{"line":66,"column":172},"end":{"line":66,"column":174}}]},"5":{"loc":{"start":{"line":78,"column":88},"end":{"line":78,"column":117}},"type":"cond-expr","locations":[{"start":{"line":78,"column":99},"end":{"line":78,"column":112}},{"start":{"line":78,"column":115},"end":{"line":78,"column":117}}]},"6":{"loc":{"start":{"line":86,"column":88},"end":{"line":86,"column":117}},"type":"cond-expr","locations":[{"start":{"line":86,"column":99},"end":{"line":86,"column":112}},{"start":{"line":86,"column":115},"end":{"line":86,"column":117}}]}},"s":{"0":0,"1":0,"2":0,"3":0,"4":0,"5":0,"6":0,"7":0,"8":0,"9":0,"10":0,"11":0,"12":0,"13":0,"14":0,"15":0,"16":0,"17":0,"18":0,"19":0,"20":0,"21":0,"22":0,"23":0},"f":{"0":0,"1":0,"2":0,"3":0,"4":0,"5":0,"6":0,"7":0,"8":0},"b":{"0":[0,0,0,0],"1":[0,0],"2":[0,0],"3":[0,0],"4":[0,0],"5":[0,0],"6":[0,0]}}
,"C:\\Users\\ELAZZOUTISalaheddine\\Desktop\\GreenSentinel-Citizen-App\\pro-app\\src\\components\\PrivateRoute.tsx": {"path":"C:\\Users\\ELAZZOUTISalaheddine\\Desktop\\GreenSentinel-Citizen-App\\pro-app\\src\\components\\PrivateRoute.tsx","statementMap":{"0":{"start":{"line":1,"column":0},"end":{"line":1,"column":26}},"1":{"start":{"line":2,"column":0},"end":{"line":2,"column":57}},"2":{"start":{"line":3,"column":0},"end":{"line":3,"column":42}},"3":{"start":{"line":9,"column":50},"end":{"line":28,"column":1}},"4":{"start":{"line":10,"column":41},"end":{"line":10,"column":50}},"5":{"start":{"line":11,"column":19},"end":{"line":11,"column":32}},"6":{"start":{"line":14,"column":2},"end":{"line":20,"column":3}},"7":{"start":{"line":15,"column":4},"end":{"line":19,"column":6}},"8":{"start":{"line":23,"column":2},"end":{"line":25,"column":3}},"9":{"start":{"line":24,"column":4},"end":{"line":24,"column":71}},"10":{"start":{"line":27,"column":2},"end":{"line":27,"column":25}},"11":{"start":{"line":30,"column":0},"end":{"line":30,"column":28}}},"fnMap":{"0":{"name":"(anonymous_1)","decl":{"start":{"line":9,"column":50},"end":{"line":9,"column":51}},"loc":{"start":{"line":9,"column":67},"end":{"line":28,"column":1}}}},"branchMap":{"0":{"loc":{"start":{"line":14,"column":2},"end":{"line":20,"column":3}},"type":"if","locations":[{"start":{"line":14,"column":2},"end":{"line":20,"column":3}},{"start":{},"end":{}}]},"1":{"loc":{"start":{"line":23,"column":2},"end":{"line":25,"column":3}},"type":"if","locations":[{"start":{"line":23,"column":2},"end":{"line":25,"column":3}},{"start":{},"end":{}}]}},"s":{"0":0,"1":0,"2":0,"3":0,"4":0,"5":0,"6":0,"7":0,"8":0,"9":0,"10":0,"11":0},"f":{"0":0},"b":{"0":[0,0],"1":[0,0]}}
,"C:\\Users\\ELAZZOUTISalaheddine\\Desktop\\GreenSentinel-Citizen-App\\pro-app\\src\\components\\RadiusSlider.tsx": {"path":"C:\\Users\\ELAZZOUTISalaheddine\\Desktop\\GreenSentinel-Citizen-App\\pro-app\\src\\components\\RadiusSlider.tsx","statementMap":{"0":{"start":{"line":1,"column":0},"end":{"line":1,"column":26}},"1":{"start":{"line":14,"column":50},"end":{"line":45,"column":1}},"2":{"start":{"line":20,"column":2},"end":{"line":44,"column":4}},"3":{"start":{"line":34,"column":27},"end":{"line":34,"column":59}},"4":{"start":{"line":47,"column":0},"end":{"line":47,"column":28}}},"fnMap":{"0":{"name":"(anonymous_1)","decl":{"start":{"line":14,"column":50},"end":{"line":14,"column":51}},"loc":{"start":{"line":19,"column":5},"end":{"line":45,"column":1}}},"1":{"name":"(anonymous_2)","decl":{"start":{"line":34,"column":20},"end":{"line":34,"column":21}},"loc":{"start":{"line":34,"column":27},"end":{"line":34,"column":59}}}},"branchMap":{"0":{"loc":{"start":{"line":17,"column":2},"end":{"line":17,"column":9}},"type":"default-arg","locations":[{"start":{"line":17,"column":8},"end":{"line":17,"column":9}}]},"1":{"loc":{"start":{"line":18,"column":2},"end":{"line":18,"column":10}},"type":"default-arg","locations":[{"start":{"line":18,"column":8},"end":{"line":18,"column":10}}]}},"s":{"0":0,"1":0,"2":0,"3":0,"4":0},"f":{"0":0,"1":0},"b":{"0":[0],"1":[0]}}
,"C:\\Users\\ELAZZOUTISalaheddine\\Desktop\\GreenSentinel-Citizen-App\\pro-app\\src\\components\\StateButton.tsx": {"path":"C:\\Users\\ELAZZOUTISalaheddine\\Desktop\\GreenSentinel-Citizen-App\\pro-app\\src\\components\\StateButton.tsx","statementMap":{"0":{"start":{"line":1,"column":0},"end":{"line":1,"column":26}},"1":{"start":{"line":18,"column":48},"end":{"line":65,"column":1}},"2":{"start":{"line":29,"column":21},"end":{"line":32,"column":57}},"3":{"start":{"line":35,"column":26},"end":{"line":52,"column":3}},"4":{"start":{"line":36,"column":23},"end":{"line":36,"column":92}},"5":{"start":{"line":38,"column":4},"end":{"line":40,"column":5}},"6":{"start":{"line":39,"column":6},"end":{"line":39,"column":85}},"7":{"start":{"line":42,"column":4},"end":{"line":51,"column":5}},"8":{"start":{"line":44,"column":8},"end":{"line":44,"column":76}},"9":{"start":{"line":46,"column":8},"end":{"line":46,"column":70}},"10":{"start":{"line":48,"column":8},"end":{"line":48,"column":74}},"11":{"start":{"line":50,"column":8},"end":{"line":50,"column":72}},"12":{"start":{"line":54,"column":2},"end":{"line":64,"column":4}},"13":{"start":{"line":57,"column":21},"end":{"line":57,"column":50}},"14":{"start":{"line":67,"column":0},"end":{"line":67,"column":27}}},"fnMap":{"0":{"name":"(anonymous_1)","decl":{"start":{"line":18,"column":48},"end":{"line":18,"column":49}},"loc":{"start":{"line":24,"column":5},"end":{"line":65,"column":1}}},"1":{"name":"(anonymous_2)","decl":{"start":{"line":35,"column":26},"end":{"line":35,"column":29}},"loc":{"start":{"line":35,"column":31},"end":{"line":52,"column":3}}},"2":{"name":"(anonymous_3)","decl":{"start":{"line":57,"column":15},"end":{"line":57,"column":18}},"loc":{"start":{"line":57,"column":21},"end":{"line":57,"column":50}}}},"branchMap":{"0":{"loc":{"start":{"line":23,"column":2},"end":{"line":23,"column":18}},"type":"default-arg","locations":[{"start":{"line":23,"column":13},"end":{"line":23,"column":18}}]},"1":{"loc":{"start":{"line":29,"column":21},"end":{"line":32,"column":57}},"type":"binary-expr","locations":[{"start":{"line":29,"column":21},"end":{"line":29,"column":29}},{"start":{"line":30,"column":4},"end":{"line":30,"column":26}},{"start":{"line":31,"column":5},"end":{"line":31,"column":32}},{"start":{"line":31,"column":37},"end":{"line":31,"column":59}},{"start":{"line":31,"column":63},"end":{"line":31,"column":81}},{"start":{"line":32,"column":5},"end":{"line":32,"column":30}},{"start":{"line":32,"column":34},"end":{"line":32,"column":56}}]},"2":{"loc":{"start":{"line":38,"column":4},"end":{"line":40,"column":5}},"type":"if","locations":[{"start":{"line":38,"column":4},"end":{"line":40,"column":5}},{"start":{},"end":{}}]},"3":{"loc":{"start":{"line":42,"column":4},"end":{"line":51,"column":5}},"type":"switch","locations":[{"start":{"line":43,"column":6},"end":{"line":44,"column":76}},{"start":{"line":45,"column":6},"end":{"line":46,"column":70}},{"start":{"line":47,"column":6},"end":{"line":48,"column":74}},{"start":{"line":49,"column":6},"end":{"line":50,"column":72}}]},"4":{"loc":{"start":{"line":57,"column":21},"end":{"line":57,"column":50}},"type":"binary-expr","locations":[{"start":{"line":57,"column":21},"end":{"line":57,"column":32}},{"start":{"line":57,"column":36},"end":{"line":57,"column":50}}]}},"s":{"0":0,"1":0,"2":0,"3":0,"4":0,"5":0,"6":0,"7":0,"8":0,"9":0,"10":0,"11":0,"12":0,"13":0,"14":0},"f":{"0":0,"1":0,"2":0},"b":{"0":[0],"1":[0,0,0,0,0,0,0],"2":[0,0],"3":[0,0,0,0],"4":[0,0]}}
,"C:\\Users\\ELAZZOUTISalaheddine\\Desktop\\GreenSentinel-Citizen-App\\pro-app\\src\\contexts\\ThemeContext.tsx": {"path":"C:\\Users\\ELAZZOUTISalaheddine\\Desktop\\GreenSentinel-Citizen-App\\pro-app\\src\\contexts\\ThemeContext.tsx","statementMap":{"0":{"start":{"line":1,"column":0},"end":{"line":1,"column":57}},"1":{"start":{"line":3,"column":0},"end":{"line":3,"column":61}},"2":{"start":{"line":12,"column":21},"end":{"line":15,"column":2}},"3":{"start":{"line":23,"column":59},"end":{"line":31,"column":1}},"4":{"start":{"line":24,"column":21},"end":{"line":24,"column":35}},"5":{"start":{"line":26,"column":2},"end":{"line":30,"column":4}},"6":{"start":{"line":23,"column":13},"end":{"line":23,"column":59}},"7":{"start":{"line":34,"column":24},"end":{"line":40,"column":1}},"8":{"start":{"line":35,"column":18},"end":{"line":35,"column":42}},"9":{"start":{"line":36,"column":2},"end":{"line":38,"column":3}},"10":{"start":{"line":37,"column":4},"end":{"line":37,"column":72}},"11":{"start":{"line":39,"column":2},"end":{"line":39,"column":17}},"12":{"start":{"line":34,"column":13},"end":{"line":34,"column":24}}},"fnMap":{"0":{"name":"(anonymous_9)","decl":{"start":{"line":14,"column":12},"end":{"line":14,"column":15}},"loc":{"start":{"line":14,"column":17},"end":{"line":14,"column":20}}},"1":{"name":"(anonymous_10)","decl":{"start":{"line":23,"column":59},"end":{"line":23,"column":60}},"loc":{"start":{"line":23,"column":76},"end":{"line":31,"column":1}}},"2":{"name":"(anonymous_11)","decl":{"start":{"line":34,"column":24},"end":{"line":34,"column":45}},"loc":{"start":{"line":34,"column":47},"end":{"line":40,"column":1}}}},"branchMap":{"0":{"loc":{"start":{"line":36,"column":2},"end":{"line":38,"column":3}},"type":"if","locations":[{"start":{"line":36,"column":2},"end":{"line":38,"column":3}},{"start":{},"end":{}}]}},"s":{"0":0,"1":0,"2":0,"3":0,"4":0,"5":0,"6":0,"7":0,"8":0,"9":0,"10":0,"11":0,"12":0},"f":{"0":0,"1":0,"2":0},"b":{"0":[0,0]}}
,"C:\\Users\\ELAZZOUTISalaheddine\\Desktop\\GreenSentinel-Citizen-App\\pro-app\\src\\firebase\\firebase.ts": {"path":"C:\\Users\\ELAZZOUTISalaheddine\\Desktop\\GreenSentinel-Citizen-App\\pro-app\\src\\firebase\\firebase.ts","statementMap":{"0":{"start":{"line":1,"column":0},"end":{"line":1,"column":45}},"1":{"start":{"line":2,"column":0},"end":{"line":2,"column":50}},"2":{"start":{"line":5,"column":23},"end":{"line":10,"column":2}},"3":{"start":{"line":13,"column":13},"end":{"line":13,"column":57}},"4":{"start":{"line":14,"column":13},"end":{"line":14,"column":51}}},"fnMap":{},"branchMap":{},"s":{"0":0,"1":0,"2":0,"3":0,"4":0},"f":{},"b":{}}
,"C:\\Users\\ELAZZOUTISalaheddine\\Desktop\\GreenSentinel-Citizen-App\\pro-app\\src\\firebase\\idbStorage.ts": {"path":"C:\\Users\\ELAZZOUTISalaheddine\\Desktop\\GreenSentinel-Citizen-App\\pro-app\\src\\firebase\\idbStorage.ts","statementMap":{"0":{"start":{"line":1,"column":0},"end":{"line":1,"column":29}},"1":{"start":{"line":8,"column":16},"end":{"line":8,"column":35}},"2":{"start":{"line":9,"column":19},"end":{"line":9,"column":30}},"3":{"start":{"line":10,"column":19},"end":{"line":10,"column":20}},"4":{"start":{"line":13,"column":18},"end":{"line":17,"column":2}},"5":{"start":{"line":15,"column":4},"end":{"line":15,"column":37}},"6":{"start":{"line":22,"column":13},"end":{"line":48,"column":2}},"7":{"start":{"line":29,"column":4},"end":{"line":29,"column":57}},"8":{"start":{"line":38,"column":4},"end":{"line":38,"column":50}},"9":{"start":{"line":46,"column":4},"end":{"line":46,"column":53}},"10":{"start":{"line":51,"column":13},"end":{"line":54,"column":2}}},"fnMap":{"0":{"name":"(anonymous_0)","decl":{"start":{"line":14,"column":2},"end":{"line":14,"column":9}},"loc":{"start":{"line":14,"column":12},"end":{"line":16,"column":3}}},"1":{"name":"(anonymous_1)","decl":{"start":{"line":28,"column":7},"end":{"line":28,"column":12}},"loc":{"start":{"line":28,"column":59},"end":{"line":30,"column":3}}},"2":{"name":"(anonymous_2)","decl":{"start":{"line":37,"column":7},"end":{"line":37,"column":12}},"loc":{"start":{"line":37,"column":58},"end":{"line":39,"column":3}}},"3":{"name":"(anonymous_3)","decl":{"start":{"line":45,"column":10},"end":{"line":45,"column":15}},"loc":{"start":{"line":45,"column":47},"end":{"line":47,"column":3}}}},"branchMap":{},"s":{"0":0,"1":0,"2":0,"3":0,"4":0,"5":0,"6":0,"7":0,"8":0,"9":0,"10":0},"f":{"0":0,"1":0,"2":0,"3":0},"b":{}}
,"C:\\Users\\ELAZZOUTISalaheddine\\Desktop\\GreenSentinel-Citizen-App\\pro-app\\src\\firebase\\registerFCM.ts": {"path":"C:\\Users\\ELAZZOUTISalaheddine\\Desktop\\GreenSentinel-Citizen-App\\pro-app\\src\\firebase\\registerFCM.ts","statementMap":{"0":{"start":{"line":1,"column":0},"end":{"line":1,"column":46}},"1":{"start":{"line":2,"column":0},"end":{"line":2,"column":39}},"2":{"start":{"line":3,"column":0},"end":{"line":3,"column":45}},"3":{"start":{"line":4,"column":0},"end":{"line":4,"column":56}},"4":{"start":{"line":10,"column":27},"end":{"line":51,"column":1}},"5":{"start":{"line":11,"column":2},"end":{"line":50,"column":3}},"6":{"start":{"line":13,"column":4},"end":{"line":16,"column":5}},"7":{"start":{"line":14,"column":6},"end":{"line":14,"column":65}},"8":{"start":{"line":15,"column":6},"end":{"line":15,"column":19}},"9":{"start":{"line":19,"column":23},"end":{"line":19,"column":61}},"10":{"start":{"line":22,"column":4},"end":{"line":25,"column":5}},"11":{"start":{"line":23,"column":6},"end":{"line":23,"column":57}},"12":{"start":{"line":24,"column":6},"end":{"line":24,"column":19}},"13":{"start":{"line":27,"column":4},"end":{"line":46,"column":5}},"14":{"start":{"line":29,"column":20},"end":{"line":31,"column":8}},"15":{"start":{"line":34,"column":6},"end":{"line":34,"column":58}},"16":{"start":{"line":37,"column":6},"end":{"line":37,"column":71}},"17":{"start":{"line":40,"column":6},"end":{"line":40,"column":39}},"18":{"start":{"line":42,"column":6},"end":{"line":42,"column":18}},"19":{"start":{"line":44,"column":6},"end":{"line":44,"column":63}},"20":{"start":{"line":45,"column":6},"end":{"line":45,"column":19}},"21":{"start":{"line":48,"column":4},"end":{"line":48,"column":50}},"22":{"start":{"line":49,"column":4},"end":{"line":49,"column":17}},"23":{"start":{"line":10,"column":13},"end":{"line":10,"column":27}},"24":{"start":{"line":57,"column":31},"end":{"line":65,"column":1}},"25":{"start":{"line":58,"column":2},"end":{"line":64,"column":3}},"26":{"start":{"line":59,"column":20},"end":{"line":59,"column":76}},"27":{"start":{"line":60,"column":4},"end":{"line":60,"column":30}},"28":{"start":{"line":62,"column":4},"end":{"line":62,"column":61}},"29":{"start":{"line":63,"column":4},"end":{"line":63,"column":17}},"30":{"start":{"line":57,"column":13},"end":{"line":57,"column":31}},"31":{"start":{"line":71,"column":29},"end":{"line":80,"column":1}},"32":{"start":{"line":72,"column":2},"end":{"line":79,"column":3}},"33":{"start":{"line":73,"column":4},"end":{"line":73,"column":52}},"34":{"start":{"line":74,"column":4},"end":{"line":74,"column":70}},"35":{"start":{"line":75,"column":4},"end":{"line":75,"column":16}},"36":{"start":{"line":77,"column":4},"end":{"line":77,"column":53}},"37":{"start":{"line":78,"column":4},"end":{"line":78,"column":17}},"38":{"start":{"line":71,"column":13},"end":{"line":71,"column":29}}},"fnMap":{"0":{"name":"(anonymous_0)","decl":{"start":{"line":10,"column":27},"end":{"line":10,"column":32}},"loc":{"start":{"line":10,"column":56},"end":{"line":51,"column":1}}},"1":{"name":"(anonymous_1)","decl":{"start":{"line":57,"column":31},"end":{"line":57,"column":36}},"loc":{"start":{"line":57,"column":60},"end":{"line":65,"column":1}}},"2":{"name":"(anonymous_2)","decl":{"start":{"line":71,"column":29},"end":{"line":71,"column":34}},"loc":{"start":{"line":71,"column":58},"end":{"line":80,"column":1}}}},"branchMap":{"0":{"loc":{"start":{"line":13,"column":4},"end":{"line":16,"column":5}},"type":"if","locations":[{"start":{"line":13,"column":4},"end":{"line":16,"column":5}},{"start":{},"end":{}}]},"1":{"loc":{"start":{"line":22,"column":4},"end":{"line":25,"column":5}},"type":"if","locations":[{"start":{"line":22,"column":4},"end":{"line":25,"column":5}},{"start":{},"end":{}}]}},"s":{"0":0,"1":0,"2":0,"3":0,"4":0,"5":0,"6":0,"7":0,"8":0,"9":0,"10":0,"11":0,"12":0,"13":0,"14":0,"15":0,"16":0,"17":0,"18":0,"19":0,"20":0,"21":0,"22":0,"23":0,"24":0,"25":0,"26":0,"27":0,"28":0,"29":0,"30":0,"31":0,"32":0,"33":0,"34":0,"35":0,"36":0,"37":0,"38":0},"f":{"0":0,"1":0,"2":0},"b":{"0":[0,0],"1":[0,0]}}
,"C:\\Users\\ELAZZOUTISalaheddine\\Desktop\\GreenSentinel-Citizen-App\\pro-app\\src\\hooks\\useGeoFilter.ts": {"path":"C:\\Users\\ELAZZOUTISalaheddine\\Desktop\\GreenSentinel-Citizen-App\\pro-app\\src\\hooks\\useGeoFilter.ts","statementMap":{"0":{"start":{"line":5,"column":26},"end":{"line":22,"column":1}},"1":{"start":{"line":11,"column":12},"end":{"line":11,"column":16}},"2":{"start":{"line":12,"column":15},"end":{"line":12,"column":46}},"3":{"start":{"line":13,"column":15},"end":{"line":13,"column":46}},"4":{"start":{"line":16,"column":4},"end":{"line":18,"column":43}},"5":{"start":{"line":20,"column":12},"end":{"line":20,"column":58}},"6":{"start":{"line":21,"column":2},"end":{"line":21,"column":15}},"7":{"start":{"line":31,"column":28},"end":{"line":58,"column":1}},"8":{"start":{"line":36,"column":2},"end":{"line":38,"column":3}},"9":{"start":{"line":37,"column":4},"end":{"line":37,"column":27}},"10":{"start":{"line":40,"column":2},"end":{"line":57,"column":5}},"11":{"start":{"line":42,"column":24},"end":{"line":42,"column":36}},"12":{"start":{"line":43,"column":24},"end":{"line":43,"column":36}},"13":{"start":{"line":45,"column":4},"end":{"line":45,"column":51}},"14":{"start":{"line":45,"column":38},"end":{"line":45,"column":51}},"15":{"start":{"line":48,"column":21},"end":{"line":52,"column":null}},"16":{"start":{"line":56,"column":4},"end":{"line":56,"column":32}},"17":{"start":{"line":31,"column":13},"end":{"line":31,"column":28}}},"fnMap":{"0":{"name":"(anonymous_0)","decl":{"start":{"line":5,"column":26},"end":{"line":5,"column":null}},"loc":{"start":{"line":10,"column":12},"end":{"line":22,"column":1}}},"1":{"name":"(anonymous_1)","decl":{"start":{"line":31,"column":28},"end":{"line":31,"column":null}},"loc":{"start":{"line":35,"column":19},"end":{"line":58,"column":1}}},"2":{"name":"(anonymous_2)","decl":{"start":{"line":40,"column":26},"end":{"line":40,"column":34}},"loc":{"start":{"line":40,"column":37},"end":{"line":57,"column":3}}}},"branchMap":{"0":{"loc":{"start":{"line":36,"column":2},"end":{"line":38,"column":3}},"type":"if","locations":[{"start":{"line":36,"column":2},"end":{"line":38,"column":3}},{"start":{},"end":{}}]},"1":{"loc":{"start":{"line":36,"column":6},"end":{"line":36,"column":45}},"type":"binary-expr","locations":[{"start":{"line":36,"column":6},"end":{"line":36,"column":13}},{"start":{"line":36,"column":17},"end":{"line":36,"column":27}},{"start":{"line":36,"column":31},"end":{"line":36,"column":45}}]},"2":{"loc":{"start":{"line":37,"column":11},"end":{"line":37,"column":26}},"type":"binary-expr","locations":[{"start":{"line":37,"column":11},"end":{"line":37,"column":20}},{"start":{"line":37,"column":24},"end":{"line":37,"column":26}}]},"3":{"loc":{"start":{"line":45,"column":4},"end":{"line":45,"column":51}},"type":"if","locations":[{"start":{"line":45,"column":4},"end":{"line":45,"column":51}},{"start":{},"end":{}}]},"4":{"loc":{"start":{"line":45,"column":8},"end":{"line":45,"column":36}},"type":"binary-expr","locations":[{"start":{"line":45,"column":8},"end":{"line":45,"column":20}},{"start":{"line":45,"column":24},"end":{"line":45,"column":36}}]}},"s":{"0":0,"1":0,"2":0,"3":0,"4":0,"5":0,"6":0,"7":0,"8":0,"9":0,"10":0,"11":0,"12":0,"13":0,"14":0,"15":0,"16":0,"17":0},"f":{"0":0,"1":0,"2":0},"b":{"0":[0,0],"1":[0,0,0],"2":[0,0],"3":[0,0],"4":[0,0]}}
,"C:\\Users\\ELAZZOUTISalaheddine\\Desktop\\GreenSentinel-Citizen-App\\pro-app\\src\\hooks\\useIncident.ts": {"path":"C:\\Users\\ELAZZOUTISalaheddine\\Desktop\\GreenSentinel-Citizen-App\\pro-app\\src\\hooks\\useIncident.ts","statementMap":{"0":{"start":{"line":1,"column":0},"end":{"line":1,"column":65}},"1":{"start":{"line":2,"column":0},"end":{"line":2,"column":62}},"2":{"start":{"line":5,"column":0},"end":{"line":5,"column":49}},"3":{"start":{"line":7,"column":20},"end":{"line":131,"column":1}},"4":{"start":{"line":8,"column":34},"end":{"line":8,"column":68}},"5":{"start":{"line":9,"column":36},"end":{"line":9,"column":50}},"6":{"start":{"line":10,"column":28},"end":{"line":10,"column":57}},"7":{"start":{"line":11,"column":13},"end":{"line":11,"column":43}},"8":{"start":{"line":14,"column":24},"end":{"line":26,"column":10}},"9":{"start":{"line":15,"column":4},"end":{"line":25,"column":5}},"10":{"start":{"line":16,"column":6},"end":{"line":16,"column":25}},"11":{"start":{"line":17,"column":6},"end":{"line":17,"column":21}},"12":{"start":{"line":18,"column":19},"end":{"line":18,"column":40}},"13":{"start":{"line":19,"column":6},"end":{"line":19,"column":24}},"14":{"start":{"line":21,"column":6},"end":{"line":21,"column":53}},"15":{"start":{"line":22,"column":6},"end":{"line":22,"column":59}},"16":{"start":{"line":24,"column":6},"end":{"line":24,"column":26}},"17":{"start":{"line":29,"column":22},"end":{"line":67,"column":35}},"18":{"start":{"line":30,"column":4},"end":{"line":30,"column":26}},"19":{"start":{"line":30,"column":19},"end":{"line":30,"column":26}},"20":{"start":{"line":33,"column":4},"end":{"line":33,"column":58}},"21":{"start":{"line":33,"column":24},"end":{"line":33,"column":56}},"22":{"start":{"line":36,"column":4},"end":{"line":46,"column":5}},"23":{"start":{"line":37,"column":37},"end":{"line":43,"column":8}},"24":{"start":{"line":45,"column":6},"end":{"line":45,"column":83}},"25":{"start":{"line":48,"column":4},"end":{"line":66,"column":5}},"26":{"start":{"line":49,"column":6},"end":{"line":49,"column":34}},"27":{"start":{"line":53,"column":6},"end":{"line":53,"column":59}},"28":{"start":{"line":56,"column":6},"end":{"line":56,"column":59}},"29":{"start":{"line":57,"column":6},"end":{"line":57,"column":22}},"30":{"start":{"line":60,"column":6},"end":{"line":65,"column":7}},"31":{"start":{"line":62,"column":8},"end":{"line":64,"column":12}},"32":{"start":{"line":70,"column":2},"end":{"line":122,"column":26}},"33":{"start":{"line":71,"column":29},"end":{"line":108,"column":5}},"34":{"start":{"line":73,"column":6},"end":{"line":75,"column":7}},"35":{"start":{"line":74,"column":8},"end":{"line":74,"column":27}},"36":{"start":{"line":78,"column":22},"end":{"line":78,"column":106}},"37":{"start":{"line":80,"column":23},"end":{"line":80,"column":77}},"38":{"start":{"line":81,"column":20},"end":{"line":81,"column":63}},"39":{"start":{"line":83,"column":21},"end":{"line":83,"column":43}},"40":{"start":{"line":85,"column":6},"end":{"line":87,"column":8}},"41":{"start":{"line":86,"column":8},"end":{"line":86,"column":63}},"42":{"start":{"line":89,"column":6},"end":{"line":96,"column":8}},"43":{"start":{"line":90,"column":8},"end":{"line":95,"column":9}},"44":{"start":{"line":91,"column":34},"end":{"line":91,"column":71}},"45":{"start":{"line":92,"column":10},"end":{"line":92,"column":39}},"46":{"start":{"line":94,"column":10},"end":{"line":94,"column":67}},"47":{"start":{"line":98,"column":6},"end":{"line":100,"column":8}},"48":{"start":{"line":99,"column":8},"end":{"line":99,"column":66}},"49":{"start":{"line":102,"column":6},"end":{"line":105,"column":8}},"50":{"start":{"line":103,"column":8},"end":{"line":103,"column":49}},"51":{"start":{"line":104,"column":8},"end":{"line":104,"column":23}},"52":{"start":{"line":107,"column":6},"end":{"line":107,"column":26}},"53":{"start":{"line":111,"column":4},"end":{"line":111,"column":20}},"54":{"start":{"line":114,"column":4},"end":{"line":114,"column":23}},"55":{"start":{"line":117,"column":4},"end":{"line":121,"column":6}},"56":{"start":{"line":118,"column":6},"end":{"line":120,"column":7}},"57":{"start":{"line":119,"column":8},"end":{"line":119,"column":27}},"58":{"start":{"line":124,"column":2},"end":{"line":130,"column":4}},"59":{"start":{"line":133,"column":0},"end":{"line":133,"column":27}}},"fnMap":{"0":{"name":"(anonymous_0)","decl":{"start":{"line":7,"column":20},"end":{"line":7,"column":21}},"loc":{"start":{"line":7,"column":35},"end":{"line":131,"column":1}}},"1":{"name":"(anonymous_1)","decl":{"start":{"line":14,"column":36},"end":{"line":14,"column":41}},"loc":{"start":{"line":14,"column":47},"end":{"line":26,"column":3}}},"2":{"name":"(anonymous_2)","decl":{"start":{"line":29,"column":34},"end":{"line":29,"column":39}},"loc":{"start":{"line":29,"column":65},"end":{"line":67,"column":3}}},"3":{"name":"(anonymous_3)","decl":{"start":{"line":33,"column":16},"end":{"line":33,"column":20}},"loc":{"start":{"line":33,"column":24},"end":{"line":33,"column":56}}},"4":{"name":"(anonymous_4)","decl":{"start":{"line":70,"column":12},"end":{"line":70,"column":15}},"loc":{"start":{"line":70,"column":17},"end":{"line":122,"column":3}}},"5":{"name":"(anonymous_5)","decl":{"start":{"line":71,"column":29},"end":{"line":71,"column":32}},"loc":{"start":{"line":71,"column":34},"end":{"line":108,"column":5}}},"6":{"name":"(anonymous_6)","decl":{"start":{"line":85,"column":22},"end":{"line":85,"column":25}},"loc":{"start":{"line":85,"column":27},"end":{"line":87,"column":7}}},"7":{"name":"(anonymous_7)","decl":{"start":{"line":89,"column":25},"end":{"line":89,"column":26}},"loc":{"start":{"line":89,"column":35},"end":{"line":96,"column":7}}},"8":{"name":"(anonymous_8)","decl":{"start":{"line":98,"column":23},"end":{"line":98,"column":26}},"loc":{"start":{"line":98,"column":28},"end":{"line":100,"column":7}}},"9":{"name":"(anonymous_9)","decl":{"start":{"line":102,"column":23},"end":{"line":102,"column":24}},"loc":{"start":{"line":102,"column":33},"end":{"line":105,"column":7}}},"10":{"name":"(anonymous_10)","decl":{"start":{"line":117,"column":11},"end":{"line":117,"column":14}},"loc":{"start":{"line":117,"column":16},"end":{"line":121,"column":5}}}},"branchMap":{"0":{"loc":{"start":{"line":30,"column":4},"end":{"line":30,"column":26}},"type":"if","locations":[{"start":{"line":30,"column":4},"end":{"line":30,"column":26}},{"start":{},"end":{}}]},"1":{"loc":{"start":{"line":33,"column":24},"end":{"line":33,"column":56}},"type":"cond-expr","locations":[{"start":{"line":33,"column":31},"end":{"line":33,"column":49}},{"start":{"line":33,"column":52},"end":{"line":33,"column":56}}]},"2":{"loc":{"start":{"line":36,"column":4},"end":{"line":46,"column":5}},"type":"if","locations":[{"start":{"line":36,"column":4},"end":{"line":46,"column":5}},{"start":{},"end":{}}]},"3":{"loc":{"start":{"line":60,"column":6},"end":{"line":65,"column":7}},"type":"if","locations":[{"start":{"line":60,"column":6},"end":{"line":65,"column":7}},{"start":{},"end":{}}]},"4":{"loc":{"start":{"line":73,"column":6},"end":{"line":75,"column":7}},"type":"if","locations":[{"start":{"line":73,"column":6},"end":{"line":75,"column":7}},{"start":{},"end":{}}]},"5":{"loc":{"start":{"line":78,"column":22},"end":{"line":78,"column":106}},"type":"binary-expr","locations":[{"start":{"line":78,"column":22},"end":{"line":78,"column":53}},{"start":{"line":78,"column":57},"end":{"line":78,"column":86}},{"start":{"line":78,"column":90},"end":{"line":78,"column":106}}]},"6":{"loc":{"start":{"line":80,"column":23},"end":{"line":80,"column":77}},"type":"cond-expr","locations":[{"start":{"line":80,"column":63},"end":{"line":80,"column":69}},{"start":{"line":80,"column":72},"end":{"line":80,"column":77}}]},"7":{"loc":{"start":{"line":118,"column":6},"end":{"line":120,"column":7}},"type":"if","locations":[{"start":{"line":118,"column":6},"end":{"line":120,"column":7}},{"start":{},"end":{}}]}},"s":{"0":0,"1":0,"2":0,"3":0,"4":0,"5":0,"6":0,"7":0,"8":0,"9":0,"10":0,"11":0,"12":0,"13":0,"14":0,"15":0,"16":0,"17":0,"18":0,"19":0,"20":0,"21":0,"22":0,"23":0,"24":0,"25":0,"26":0,"27":0,"28":0,"29":0,"30":0,"31":0,"32":0,"33":0,"34":0,"35":0,"36":0,"37":0,"38":0,"39":0,"40":0,"41":0,"42":0,"43":0,"44":0,"45":0,"46":0,"47":0,"48":0,"49":0,"50":0,"51":0,"52":0,"53":0,"54":0,"55":0,"56":0,"57":0,"58":0,"59":0},"f":{"0":0,"1":0,"2":0,"3":0,"4":0,"5":0,"6":0,"7":0,"8":0,"9":0,"10":0},"b":{"0":[0,0],"1":[0,0],"2":[0,0],"3":[0,0],"4":[0,0],"5":[0,0,0],"6":[0,0],"7":[0,0]}}
,"C:\\Users\\ELAZZOUTISalaheddine\\Desktop\\GreenSentinel-Citizen-App\\pro-app\\src\\hooks\\useIncidents.ts": {"path":"C:\\Users\\ELAZZOUTISalaheddine\\Desktop\\GreenSentinel-Citizen-App\\pro-app\\src\\hooks\\useIncidents.ts","statementMap":{"0":{"start":{"line":1,"column":0},"end":{"line":1,"column":52}},"1":{"start":{"line":2,"column":0},"end":{"line":2,"column":49}},"2":{"start":{"line":27,"column":31},"end":{"line":29,"column":1}},"3":{"start":{"line":28,"column":2},"end":{"line":28,"column":28}},"4":{"start":{"line":27,"column":13},"end":{"line":27,"column":31}},"5":{"start":{"line":36,"column":28},"end":{"line":192,"column":1}},"6":{"start":{"line":37,"column":36},"end":{"line":37,"column":63}},"7":{"start":{"line":38,"column":30},"end":{"line":38,"column":70}},"8":{"start":{"line":39,"column":36},"end":{"line":39,"column":50}},"9":{"start":{"line":40,"column":28},"end":{"line":40,"column":57}},"10":{"start":{"line":41,"column":13},"end":{"line":41,"column":43}},"11":{"start":{"line":42,"column":28},"end":{"line":42,"column":37}},"12":{"start":{"line":43,"column":31},"end":{"line":43,"column":33}},"13":{"start":{"line":44,"column":23},"end":{"line":44,"column":26}},"14":{"start":{"line":45,"column":22},"end":{"line":45,"column":52}},"15":{"start":{"line":48,"column":25},"end":{"line":71,"column":3}},"16":{"start":{"line":49,"column":4},"end":{"line":70,"column":5}},"17":{"start":{"line":50,"column":6},"end":{"line":50,"column":25}},"18":{"start":{"line":51,"column":6},"end":{"line":51,"column":21}},"19":{"start":{"line":52,"column":23},"end":{"line":57,"column":8}},"20":{"start":{"line":59,"column":31},"end":{"line":59,"column":77}},"21":{"start":{"line":60,"column":6},"end":{"line":60,"column":37}},"22":{"start":{"line":63,"column":6},"end":{"line":63,"column":88}},"23":{"start":{"line":63,"column":79},"end":{"line":63,"column":85}},"24":{"start":{"line":66,"column":6},"end":{"line":66,"column":54}},"25":{"start":{"line":67,"column":6},"end":{"line":67,"column":58}},"26":{"start":{"line":69,"column":6},"end":{"line":69,"column":26}},"27":{"start":{"line":73,"column":18},"end":{"line":136,"column":3}},"28":{"start":{"line":75,"column":20},"end":{"line":75,"column":104}},"29":{"start":{"line":78,"column":21},"end":{"line":78,"column":102}},"30":{"start":{"line":79,"column":18},"end":{"line":79,"column":56}},"31":{"start":{"line":81,"column":4},"end":{"line":81,"column":28}},"32":{"start":{"line":84,"column":4},"end":{"line":86,"column":5}},"33":{"start":{"line":85,"column":6},"end":{"line":85,"column":25}},"34":{"start":{"line":88,"column":19},"end":{"line":88,"column":41}},"35":{"start":{"line":90,"column":4},"end":{"line":94,"column":6}},"36":{"start":{"line":91,"column":6},"end":{"line":91,"column":40}},"37":{"start":{"line":92,"column":6},"end":{"line":92,"column":29}},"38":{"start":{"line":93,"column":6},"end":{"line":93,"column":36}},"39":{"start":{"line":96,"column":4},"end":{"line":112,"column":6}},"40":{"start":{"line":97,"column":6},"end":{"line":111,"column":7}},"41":{"start":{"line":98,"column":25},"end":{"line":98,"column":62}},"42":{"start":{"line":101,"column":8},"end":{"line":108,"column":9}},"43":{"start":{"line":102,"column":10},"end":{"line":102,"column":47}},"44":{"start":{"line":103,"column":10},"end":{"line":107,"column":13}},"45":{"start":{"line":105,"column":33},"end":{"line":105,"column":75}},"46":{"start":{"line":106,"column":12},"end":{"line":106,"column":32}},"47":{"start":{"line":110,"column":8},"end":{"line":110,"column":56}},"48":{"start":{"line":114,"column":4},"end":{"line":128,"column":6}},"49":{"start":{"line":115,"column":6},"end":{"line":115,"column":32}},"50":{"start":{"line":116,"column":6},"end":{"line":116,"column":42}},"51":{"start":{"line":119,"column":29},"end":{"line":119,"column":85}},"52":{"start":{"line":120,"column":6},"end":{"line":120,"column":37}},"53":{"start":{"line":122,"column":6},"end":{"line":127,"column":7}},"54":{"start":{"line":123,"column":8},"end":{"line":123,"column":76}},"55":{"start":{"line":124,"column":8},"end":{"line":124,"column":44}},"56":{"start":{"line":126,"column":8},"end":{"line":126,"column":77}},"57":{"start":{"line":130,"column":4},"end":{"line":133,"column":6}},"58":{"start":{"line":131,"column":6},"end":{"line":131,"column":48}},"59":{"start":{"line":132,"column":6},"end":{"line":132,"column":21}},"60":{"start":{"line":135,"column":4},"end":{"line":135,"column":24}},"61":{"start":{"line":139,"column":30},"end":{"line":148,"column":3}},"62":{"start":{"line":140,"column":4},"end":{"line":147,"column":7}},"63":{"start":{"line":141,"column":6},"end":{"line":146,"column":9}},"64":{"start":{"line":142,"column":8},"end":{"line":144,"column":9}},"65":{"start":{"line":143,"column":10},"end":{"line":143,"column":40}},"66":{"start":{"line":145,"column":8},"end":{"line":145,"column":24}},"67":{"start":{"line":151,"column":24},"end":{"line":159,"column":3}},"68":{"start":{"line":152,"column":4},"end":{"line":158,"column":5}},"69":{"start":{"line":154,"column":8},"end":{"line":154,"column":69}},"70":{"start":{"line":155,"column":8},"end":{"line":155,"column":14}},"71":{"start":{"line":157,"column":8},"end":{"line":157,"column":52}},"72":{"start":{"line":161,"column":2},"end":{"line":182,"column":31}},"73":{"start":{"line":163,"column":4},"end":{"line":165,"column":7}},"74":{"start":{"line":164,"column":6},"end":{"line":164,"column":16}},"75":{"start":{"line":168,"column":33},"end":{"line":170,"column":5}},"76":{"start":{"line":169,"column":6},"end":{"line":169,"column":34}},"77":{"start":{"line":173,"column":4},"end":{"line":173,"column":97}},"78":{"start":{"line":176,"column":4},"end":{"line":181,"column":6}},"79":{"start":{"line":177,"column":6},"end":{"line":179,"column":7}},"80":{"start":{"line":178,"column":8},"end":{"line":178,"column":27}},"81":{"start":{"line":180,"column":6},"end":{"line":180,"column":102}},"82":{"start":{"line":184,"column":2},"end":{"line":191,"column":4}},"83":{"start":{"line":36,"column":13},"end":{"line":36,"column":28}}},"fnMap":{"0":{"name":"(anonymous_1)","decl":{"start":{"line":27,"column":31},"end":{"line":27,"column":32}},"loc":{"start":{"line":27,"column":58},"end":{"line":29,"column":1}}},"1":{"name":"(anonymous_2)","decl":{"start":{"line":36,"column":28},"end":{"line":36,"column":29}},"loc":{"start":{"line":36,"column":66},"end":{"line":192,"column":1}}},"2":{"name":"(anonymous_3)","decl":{"start":{"line":48,"column":25},"end":{"line":48,"column":30}},"loc":{"start":{"line":48,"column":36},"end":{"line":71,"column":3}}},"3":{"name":"(anonymous_4)","decl":{"start":{"line":63,"column":57},"end":{"line":63,"column":58}},"loc":{"start":{"line":63,"column":79},"end":{"line":63,"column":85}}},"4":{"name":"(anonymous_5)","decl":{"start":{"line":73,"column":18},"end":{"line":73,"column":21}},"loc":{"start":{"line":73,"column":23},"end":{"line":136,"column":3}}},"5":{"name":"(anonymous_6)","decl":{"start":{"line":90,"column":20},"end":{"line":90,"column":23}},"loc":{"start":{"line":90,"column":25},"end":{"line":94,"column":5}}},"6":{"name":"(anonymous_7)","decl":{"start":{"line":96,"column":23},"end":{"line":96,"column":24}},"loc":{"start":{"line":96,"column":33},"end":{"line":112,"column":5}}},"7":{"name":"(anonymous_8)","decl":{"start":{"line":103,"column":23},"end":{"line":103,"column":27}},"loc":{"start":{"line":103,"column":30},"end":{"line":107,"column":11}}},"8":{"name":"(anonymous_9)","decl":{"start":{"line":114,"column":21},"end":{"line":114,"column":24}},"loc":{"start":{"line":114,"column":26},"end":{"line":128,"column":5}}},"9":{"name":"(anonymous_10)","decl":{"start":{"line":130,"column":21},"end":{"line":130,"column":22}},"loc":{"start":{"line":130,"column":31},"end":{"line":133,"column":5}}},"10":{"name":"(anonymous_11)","decl":{"start":{"line":139,"column":30},"end":{"line":139,"column":31}},"loc":{"start":{"line":139,"column":60},"end":{"line":148,"column":3}}},"11":{"name":"(anonymous_12)","decl":{"start":{"line":140,"column":17},"end":{"line":140,"column":30}},"loc":{"start":{"line":140,"column":33},"end":{"line":147,"column":5}}},"12":{"name":"(anonymous_13)","decl":{"start":{"line":141,"column":31},"end":{"line":141,"column":39}},"loc":{"start":{"line":141,"column":42},"end":{"line":146,"column":7}}},"13":{"name":"(anonymous_14)","decl":{"start":{"line":151,"column":24},"end":{"line":151,"column":25}},"loc":{"start":{"line":151,"column":51},"end":{"line":159,"column":3}}},"14":{"name":"(anonymous_15)","decl":{"start":{"line":161,"column":12},"end":{"line":161,"column":15}},"loc":{"start":{"line":161,"column":17},"end":{"line":182,"column":3}}},"15":{"name":"(anonymous_16)","decl":{"start":{"line":163,"column":26},"end":{"line":163,"column":29}},"loc":{"start":{"line":163,"column":31},"end":{"line":165,"column":5}}},"16":{"name":"(anonymous_17)","decl":{"start":{"line":168,"column":33},"end":{"line":168,"column":34}},"loc":{"start":{"line":168,"column":72},"end":{"line":170,"column":5}}},"17":{"name":"(anonymous_18)","decl":{"start":{"line":176,"column":11},"end":{"line":176,"column":14}},"loc":{"start":{"line":176,"column":16},"end":{"line":181,"column":5}}}},"branchMap":{"0":{"loc":{"start":{"line":36,"column":29},"end":{"line":36,"column":62}},"type":"default-arg","locations":[{"start":{"line":36,"column":60},"end":{"line":36,"column":62}}]},"1":{"loc":{"start":{"line":59,"column":31},"end":{"line":59,"column":77}},"type":"binary-expr","locations":[{"start":{"line":59,"column":31},"end":{"line":59,"column":54}},{"start":{"line":59,"column":58},"end":{"line":59,"column":71}},{"start":{"line":59,"column":75},"end":{"line":59,"column":77}}]},"2":{"loc":{"start":{"line":75,"column":20},"end":{"line":75,"column":104}},"type":"binary-expr","locations":[{"start":{"line":75,"column":20},"end":{"line":75,"column":51}},{"start":
[...]
"line":92,"column":29},"end":{"line":92,"column":47}},"42":{"start":{"line":93,"column":25},"end":{"line":93,"column":44}},"43":{"start":{"line":94,"column":27},"end":{"line":94,"column":44}},"44":{"start":{"line":95,"column":19},"end":{"line":95,"column":32}},"45":{"start":{"line":103,"column":8},"end":{"line":103,"column":37}},"46":{"start":{"line":103,"column":24},"end":{"line":103,"column":37}},"47":{"start":{"line":104,"column":25},"end":{"line":104,"column":42}},"48":{"start":{"line":105,"column":21},"end":{"line":105,"column":34}},"49":{"start":{"line":106,"column":21},"end":{"line":106,"column":34}},"50":{"start":{"line":107,"column":21},"end":{"line":107,"column":33}},"51":{"start":{"line":108,"column":21},"end":{"line":108,"column":33}},"52":{"start":{"line":111,"column":18},"end":{"line":111,"column":22}},"53":{"start":{"line":112,"column":21},"end":{"line":112,"column":52}},"54":{"start":{"line":113,"column":21},"end":{"line":113,"column":52}},"55":{"start":{"line":115,"column":10},"end":{"line":117,"column":49}},"56":{"start":{"line":118,"column":18},"end":{"line":118,"column":64}},"57":{"start":{"line":119,"column":25},"end":{"line":119,"column":30}},"58":{"start":{"line":121,"column":8},"end":{"line":121,"column":43}},"59":{"start":{"line":127,"column":16},"end":{"line":131,"column":4}},"60":{"start":{"line":134,"column":27},"end":{"line":136,"column":8}},"61":{"start":{"line":135,"column":4},"end":{"line":135,"column":25}},"62":{"start":{"line":138,"column":2},"end":{"line":261,"column":4}},"63":{"start":{"line":144,"column":25},"end":{"line":144,"column":51}},"64":{"start":{"line":161,"column":14},"end":{"line":162,"column":null}},"65":{"start":{"line":205,"column":31},"end":{"line":205,"column":51}},"66":{"start":{"line":220,"column":20},"end":{"line":220,"column":null}},"67":{"start":{"line":222,"column":24},"end":{"line":223,"column":null}},"68":{"start":{"line":239,"column":20},"end":{"line":240,"column":null}},"69":{"start":{"line":242,"column":37},"end":{"line":242,"column":90}},"70":{"start":{"line":245,"column":24},"end":{"line":246,"column":null}},"71":{"start":{"line":264,"column":0},"end":{"line":264,"column":23}}},"fnMap":{"0":{"name":"(anonymous_10)","decl":{"start":{"line":22,"column":19},"end":{"line":22,"column":20}},"loc":{"start":{"line":22,"column":65},"end":{"line":32,"column":1}}},"1":{"name":"(anonymous_11)","decl":{"start":{"line":25,"column":12},"end":{"line":25,"column":15}},"loc":{"start":{"line":25,"column":17},"end":{"line":29,"column":3}}},"2":{"name":"(anonymous_12)","decl":{"start":{"line":35,"column":18},"end":{"line":35,"column":19}},"loc":{"start":{"line":35,"column":77},"end":{"line":43,"column":1}}},"3":{"name":"(anonymous_13)","decl":{"start":{"line":37,"column":13},"end":{"line":37,"column":16}},"loc":{"start":{"line":37,"column":18},"end":{"line":39,"column":5}}},"4":{"name":"(anonymous_14)","decl":{"start":{"line":49,"column":26},"end":{"line":49,"column":29}},"loc":{"start":{"line":49,"column":31},"end":{"line":262,"column":1}}},"5":{"name":"(anonymous_15)","decl":{"start":{"line":58,"column":40},"end":{"line":58,"column":43}},"loc":{"start":{"line":58,"column":45},"end":{"line":72,"column":3}}},"6":{"name":"(anonymous_16)","decl":{"start":{"line":61,"column":8},"end":{"line":61,"column":9}},"loc":{"start":{"line":61,"column":21},"end":{"line":66,"column":9}}},"7":{"name":"(anonymous_17)","decl":{"start":{"line":67,"column":8},"end":{"line":67,"column":9}},"loc":{"start":{"line":67,"column":18},"end":{"line":69,"column":9}}},"8":{"name":"(anonymous_18)","decl":{"start":{"line":78,"column":12},"end":{"line":78,"column":13}},"loc":{"start":{"line":78,"column":22},"end":{"line":78,"column":37}}},"9":{"name":"(anonymous_19)","decl":{"start":{"line":82,"column":12},"end":{"line":82,"column":13}},"loc":{"start":{"line":82,"column":21},"end":{"line":85,"column":7}}},"10":{"name":"(anonymous_20)","decl":{"start":{"line":89,"column":12},"end":{"line":89,"column":13}},"loc":{"start":{"line":89,"column":21},"end":{"line":97,"column":7}}},"11":{"name":"(anonymous_21)","decl":{"start":{"line":102,"column":12},"end":{"line":102,"column":13}},"loc":{"start":{"line":102,"column":21},"end":{"line":122,"column":7}}},"12":{"name":"(anonymous_22)","decl":{"start":{"line":134,"column":39},"end":{"line":134,"column":40}},"loc":{"start":{"line":134,"column":58},"end":{"line":136,"column":3}}},"13":{"name":"(anonymous_23)","decl":{"start":{"line":144,"column":19},"end":{"line":144,"column":22}},"loc":{"start":{"line":144,"column":25},"end":{"line":144,"column":51}}},"14":{"name":"(anonymous_24)","decl":{"start":{"line":160,"column":35},"end":{"line":160,"column":43}},"loc":{"start":{"line":161,"column":14},"end":{"line":162,"column":null}}},"15":{"name":"(anonymous_25)","decl":{"start":{"line":205,"column":25},"end":{"line":205,"column":28}},"loc":{"start":{"line":205,"column":31},"end":{"line":205,"column":51}}},"16":{"name":"(anonymous_26)","decl":{"start":{"line":219,"column":47},"end":{"line":219,"column":58}},"loc":{"start":{"line":220,"column":20},"end":{"line":220,"column":null}}},"17":{"name":"(anonymous_27)","decl":{"start":{"line":221,"column":47},"end":{"line":221,"column":53}},"loc":{"start":{"line":222,"column":24},"end":{"line":223,"column":null}}},"18":{"name":"(anonymous_28)","decl":{"start":{"line":238,"column":48},"end":{"line":238,"column":51}},"loc":{"start":{"line":239,"column":20},"end":{"line":240,"column":null}}},"19":{"name":"(anonymous_29)","decl":{"start":{"line":242,"column":31},"end":{"line":242,"column":34}},"loc":{"start":{"line":242,"column":37},"end":{"line":242,"column":90}}},"20":{"name":"(anonymous_30)","decl":{"start":{"line":244,"column":49},"end":{"line":244,"column":53}},"loc":{"start":{"line":245,"column":24},"end":{"line":246,"column":null}}}},"branchMap":{"0":{"loc":{"start":{"line":26,"column":4},"end":{"line":28,"column":5}},"type":"if","locations":[{"start":{"line":26,"column":4},"end":{"line":28,"column":5}},{"start":{},"end":{}}]},"1":{"loc":{"start":{"line":59,"column":4},"end":{"line":71,"column":5}},"type":"if","locations":[{"start":{"line":59,"column":4},"end":{"line":71,"column":5}},{"start":{},"end":{}}]},"2":{"loc":{"start":{"line":84,"column":15},"end":{"line":84,"column":100}},"type":"cond-expr","locations":[{"start":{"line":84,"column":50},"end":{"line":84,"column":92}},{"start":{"line":84,"column":95},"end":{"line":84,"column":100}}]},"3":{"loc":{"start":{"line":84,"column":15},"end":{"line":84,"column":47}},"type":"binary-expr","locations":[{"start":{"line":84,"column":15},"end":{"line":84,"column":19}},{"start":{"line":84,"column":23},"end":{"line":84,"column":47}}]},"4":{"loc":{"start":{"line":91,"column":8},"end":{"line":96,"column":9}},"type":"switch","locations":[{"start":{"line":92,"column":10},"end":{"line":92,"column":47}},{"start":{"line":93,"column":10},"end":{"line":93,"column":44}},{"start":{"line":94,"column":10},"end":{"line":94,"column":44}},{"start":{"line":95,"column":10},"end":{"line":95,"column":32}}]},"5":{"loc":{"start":{"line":103,"column":8},"end":{"line":103,"column":37}},"type":"if","locations":[{"start":{"line":103,"column":8},"end":{"line":103,"column":37}},{"start":{},"end":{}}]},"6":{"loc":{"start":{"line":170,"column":13},"end":{"line":170,"column":80}},"type":"binary-expr","locations":[{"start":{"line":170,"column":13},"end":{"line":170,"column":22}},{"start":{"line":170,"column":26},"end":{"line":170,"column":80}}]},"7":{"loc":{"start":{"line":196,"column":12},"end":{"line":196,"column":null}},"type":"cond-expr","locations":[{"start":{"line":196,"column":25},"end":{"line":196,"column":40}},{"start":{"line":196,"column":43},"end":{"line":196,"column":null}}]},"8":{"loc":{"start":{"line":226,"column":27},"end":{"line":230,"column":null}},"type":"cond-expr","locations":[{"start":{"line":227,"column":30},"end":{"line":227,"column":34}},{"start":{"line":228,"column":30},"end":{"line":230,"column":null}}]}},"s":{"0":0,"1":0,"2":0,"3":0,"4":0,"5":0,"6":0,"7":0,"8":0,"9":0,"10":0,"11":0,"12":0,"13":0,"14":0,"15":0,"16":0,"17":0,"18":0,"19":0,"20":0,"21":0,"22":0,"23":0,"24":0,"25":0,"26":0,"27":0,"28":0,"29":0,"30":0,"31":0,"32":0,"33":0,"34":0,"35":0,"36":0,"37":0,"38":0,"39":0,"40":0,"41":0,"42":0,"43":0,"44":0,"45":0,"46":0,"47":0,"48":0,"49":0,"50":0,"51":0,"52":0,"53":0,"54":0,"55":0,"56":0,"57":0,"58":0,"59":0,"60":0,"61":0,"62":0,"63":0,"64":0,"65":0,"66":0,"67":0,"68":0,"69":0,"70":0,"71":0},"f":{"0":0,"1":0,"2":0,"3":0,"4":0,"5":0,"6":0,"7":0,"8":0,"9":0,"10":0,"11":0,"12":0,"13":0,"14":0,"15":0,"16":0,"17":0,"18":0,"19":0,"20":0},"b":{"0":[0,0],"1":[0,0],"2":[0,0],"3":[0,0],"4":[0,0,0,0],"5":[0,0],"6":[0,0],"7":[0,0],"8":[0,0]}}
,"C:\\Users\\ELAZZOUTISalaheddine\\Desktop\\GreenSentinel-Citizen-App\\pro-app\\src\\pages\\SettingsPage.tsx": {"path":"C:\\Users\\ELAZZOUTISalaheddine\\Desktop\\GreenSentinel-Citizen-App\\pro-app\\src\\pages\\SettingsPage.tsx","statementMap":{"0":{"start":{"line":1,"column":0},"end":{"line":1,"column":51}},"1":{"start":{"line":2,"column":0},"end":{"line":2,"column":102}},"2":{"start":{"line":3,"column":0},"end":{"line":3,"column":45}},"3":{"start":{"line":4,"column":0},"end":{"line":4,"column":55}},"4":{"start":{"line":5,"column":0},"end":{"line":5,"column":59}},"5":{"start":{"line":6,"column":0},"end":{"line":6,"column":61}},"6":{"start":{"line":8,"column":31},"end":{"line":223,"column":1}},"7":{"start":{"line":9,"column":30},"end":{"line":9,"column":40}},"8":{"start":{"line":10,"column":50},"end":{"line":10,"column":65}},"9":{"start":{"line":11,"column":67},"end":{"line":11,"column":85}},"10":{"start":{"line":12,"column":32},"end":{"line":12,"column":44}},"11":{"start":{"line":13,"column":28},"end":{"line":13,"column":43}},"12":{"start":{"line":14,"column":48},"end":{"line":14,"column":63}},"13":{"start":{"line":15,"column":58},"end":{"line":15,"column":73}},"14":{"start":{"line":21,"column":6},"end":{"line":28,"column":4}},"15":{"start":{"line":23,"column":6},"end":{"line":23,"column":41}},"16":{"start":{"line":26,"column":6},"end":{"line":26,"column":50}},"17":{"start":{"line":31,"column":2},"end":{"line":34,"column":9}},"18":{"start":{"line":32,"column":23},"end":{"line":32,"column":93}},"19":{"start":{"line":33,"column":4},"end":{"line":33,"column":27}},"20":{"start":{"line":37,"column":2},"end":{"line":41,"column":20}},"21":{"start":{"line":38,"column":4},"end":{"line":40,"column":5}},"22":{"start":{"line":39,"column":6},"end":{"line":39,"column":31}},"23":{"start":{"line":44,"column":21},"end":{"line":54,"column":3}},"24":{"start":{"line":45,"column":4},"end":{"line":45,"column":45}},"25":{"start":{"line":46,"column":4},"end":{"line":46,"column":19}},"26":{"start":{"line":47,"column":4},"end":{"line":53,"column":13}},"27":{"start":{"line":48,"column":6},"end":{"line":48,"column":22}},"28":{"start":{"line":50,"column":6},"end":{"line":52,"column":7}},"29":{"start":{"line":51,"column":8},"end":{"line":51,"column":33}},"30":{"start":{"line":57,"column":23},"end":{"line":60,"column":3}},"31":{"start":{"line":58,"column":4},"end":{"line":58,"column":30}},"32":{"start":{"line":59,"column":4},"end":{"line":59,"column":30}},"33":{"start":{"line":62,"column":2},"end":{"line":222,"column":4}},"34":{"start":{"line":84,"column":27},"end":{"line":84,"column":44}},"35":{"start":{"line":94,"column":27},"end":{"line":94,"column":43}},"36":{"start":{"line":104,"column":27},"end":{"line":104,"column":45}},"37":{"start":{"line":125,"column":29},"end":{"line":125,"column":55}},"38":{"start":{"line":161,"column":18},"end":{"line":161,"column":48}},"39":{"start":{"line":162,"column":18},"end":{"line":170,"column":19}},"40":{"start":{"line":163,"column":20},"end":{"line":167,"column":21}},"41":{"start":{"line":164,"column":22},"end":{"line":164,"column":38}},"42":{"start":{"line":166,"column":22},"end":{"line":166,"column":44}},"43":{"start":{"line":169,"column":20},"end":{"line":169,"column":51}},"44":{"start":{"line":225,"column":0},"end":{"line":225,"column":28}}},"fnMap":{"0":{"name":"(anonymous_9)","decl":{"start":{"line":8,"column":31},"end":{"line":8,"column":34}},"loc":{"start":{"line":8,"column":36},"end":{"line":223,"column":1}}},"1":{"name":"(anonymous_10)","decl":{"start":{"line":22,"column":4},"end":{"line":22,"column":16}},"loc":{"start":{"line":22,"column":57},"end":{"line":24,"column":5}}},"2":{"name":"(anonymous_11)","decl":{"start":{"line":25,"column":4},"end":{"line":25,"column":19}},"loc":{"start":{"line":25,"column":42},"end":{"line":27,"column":5}}},"3":{"name":"(anonymous_12)","decl":{"start":{"line":31,"column":12},"end":{"line":31,"column":15}},"loc":{"start":{"line":31,"column":17},"end":{"line":34,"column":3}}},"4":{"name":"(anonymous_13)","decl":{"start":{"line":37,"column":12},"end":{"line":37,"column":15}},"loc":{"start":{"line":37,"column":17},"end":{"line":41,"column":3}}},"5":{"name":"(anonymous_14)","decl":{"start":{"line":44,"column":21},"end":{"line":44,"column":24}},"loc":{"start":{"line":44,"column":26},"end":{"line":54,"column":3}}},"6":{"name":"(anonymous_15)","decl":{"start":{"line":47,"column":15},"end":{"line":47,"column":18}},"loc":{"start":{"line":47,"column":20},"end":{"line":53,"column":5}}},"7":{"name":"(anonymous_16)","decl":{"start":{"line":57,"column":23},"end":{"line":57,"column":26}},"loc":{"start":{"line":57,"column":28},"end":{"line":60,"column":3}}},"8":{"name":"(anonymous_17)","decl":{"start":{"line":84,"column":21},"end":{"line":84,"column":24}},"loc":{"start":{"line":84,"column":27},"end":{"line":84,"column":44}}},"9":{"name":"(anonymous_18)","decl":{"start":{"line":94,"column":21},"end":{"line":94,"column":24}},"loc":{"start":{"line":94,"column":27},"end":{"line":94,"column":43}}},"10":{"name":"(anonymous_19)","decl":{"start":{"line":104,"column":21},"end":{"line":104,"column":24}},"loc":{"start":{"line":104,"column":27},"end":{"line":104,"column":45}}},"11":{"name":"(anonymous_20)","decl":{"start":{"line":125,"column":22},"end":{"line":125,"column":23}},"loc":{"start":{"line":125,"column":29},"end":{"line":125,"column":55}}},"12":{"name":"(anonymous_21)","decl":{"start":{"line":160,"column":25},"end":{"line":160,"column":30}},"loc":{"start":{"line":160,"column":36},"end":{"line":171,"column":17}}}},"branchMap":{"0":{"loc":{"start":{"line":32,"column":23},"end":{"line":32,"column":93}},"type":"binary-expr","locations":[{"start":{"line":32,"column":23},"end":{"line":32,"column":54}},{"start":{"line":32,"column":58},"end":{"line":32,"column":87}},{"start":{"line":32,"column":91},"end":{"line":32,"column":93}}]},"1":{"loc":{"start":{"line":38,"column":4},"end":{"line":40,"column":5}},"type":"if","locations":[{"start":{"line":38,"column":4},"end":{"line":40,"column":5}},{"start":{},"end":{}}]},"2":{"loc":{"start":{"line":50,"column":6},"end":{"line":52,"column":7}},"type":"if","locations":[{"start":{"line":50,"column":6},"end":{"line":52,"column":7}},{"start":{},"end":{}}]},"3":{"loc":{"start":{"line":67,"column":7},"end":{"line":77,"column":null}},"type":"binary-expr","locations":[{"start":{"line":67,"column":7},"end":{"line":67,"column":22}},{"start":{"line":68,"column":8},"end":{"line":76,"column":null}}]},"4":{"loc":{"start":{"line":86,"column":14},"end":{"line":86,"column":null}},"type":"cond-expr","locations":[{"start":{"line":86,"column":34},"end":{"line":86,"column":57}},{"start":{"line":86,"column":60},"end":{"line":86,"column":null}}]},"5":{"loc":{"start":{"line":96,"column":14},"end":{"line":96,"column":null}},"type":"cond-expr","locations":[{"start":{"line":96,"column":33},"end":{"line":96,"column":56}},{"start":{"line":96,"column":59},"end":{"line":96,"column":null}}]},"6":{"loc":{"start":{"line":106,"column":14},"end":{"line":106,"column":null}},"type":"cond-expr","locations":[{"start":{"line":106,"column":35},"end":{"line":106,"column":58}},{"start":{"line":106,"column":61},"end":{"line":106,"column":null}}]},"7":{"loc":{"start":{"line":139,"column":17},"end":{"line":139,"column":54}},"type":"cond-expr","locations":[{"start":{"line":139,"column":25},"end":{"line":139,"column":38}},{"start":{"line":139,"column":41},"end":{"line":139,"column":54}}]},"8":{"loc":{"start":{"line":149,"column":15},"end":{"line":149,"column":125}},"type":"cond-expr","locations":[{"start":{"line":149,"column":42},"end":{"line":149,"column":52}},{"start":{"line":149,"column":55},"end":{"line":149,"column":125}}]},"9":{"loc":{"start":{"line":149,"column":55},"end":{"line":149,"column":125}},"type":"cond-expr","locations":[{"start":{"line":149,"column":81},"end":{"line":149,"column":107}},{"start":{"line":149,"column":110},"end":{"line":149,"column":125}}]},"10":{"loc":{"start":{"line":154,"column":13},"end":{"line":185,"column":null}},"type":"cond-expr","locations":[{"start":{"line":155,"column":14},"end":{"line":156,"column":null}},{"start":{"line":159,"column":14},"end":{"line":184,"column":null}}]},"11":{"loc":{"start":{"line":154,"column":13},"end":{"line":154,"column":44}},"type":"binary-expr","locations":[{"start":{"line":154,"column":13},"end":{"line":154,"column":20}},{"start":{"line":154,"column":24},"end":{"line":154,"column":44}}]},"12":{"loc":{"start":{"line":163,"column":20},"end":{"line":167,"column":21}},"type":"if","locations":[{"start":{"line":163,"column":20},"end":{"line":167,"column":21}},{"start":{"line":165,"column":27},"end":{"line":167,"column":21}}]},"13":{"loc":{"start":{"line":173,"column":61},"end":{"line":173,"column":116}},"type":"cond-expr","locations":[{"start":{"line":173,"column":71},"end":{"line":173,"column":83}},{"start":{"line":173,"column":86},"end":{"line":173,"column":116}}]},"14":{"loc":{"start":{"line":173,"column":138},"end":{"line":173,"column":200}},"type":"cond-expr","locations":[{"start":{"line":173,"column":164},"end":{"line":173,"column":195}},{"start":{"line":173,"column":198},"end":{"line":173,"column":200}}]},"15":{"loc":{"start":{"line":174,"column":28},"end":{"line":174,"column":98}},"type":"cond-expr","locations":[{"start":{"line":174,"column":38},"end":{"line":174,"column":68}},{"start":{"line":174,"column":71},"end":{"line":174,"column":98}}]},"16":{"loc":{"start":{"line":177,"column":100},"end":{"line":177,"column":145}},"type":"cond-expr","locations":[{"start":{"line":177,"column":110},"end":{"line":177,"column":125}},{"start":{"line":177,"column":128},"end":{"line":177,"column":145}}]},"17":{"loc":{"start":{"line":179,"column":19},"end":{"line":182,"column":null}},"type":"cond-expr","locations":[{"start":{"line":180,"column":20},"end":{"line":180,"column":83}},{"start":{"line":182,"column":20},"end":{"line":182,"column":87}}]},"18":{"loc":{"start":{"line":189,"column":9},"end":{"line":192,"column":null}},"type":"binary-expr","locations":[{"start":{"line":189,"column":9},"end":{"line":189,"column":32}},{"start":{"line":190,"column":10},"end":{"line":190,"column":null}}]},"19":{"loc":{"start":{"line":196,"column":7},"end":{"line":209,"column":null}},"type":"binary-expr","locations":[{"start":{"line":196,"column":7},"end":{"line":196,"column":17}},{"start":{"line":197,"column":8},"end":{"line":208,"column":null}}]},"20":{"loc":{"start":{"line":212,"column":7},"end":{"line":219,"column":null}},"type":"binary-expr","locations":[{"start":{"line":212,"column":7},"end":{"line":212,"column":18}},{"start":{"line":213,"column":8},"end":{"line":218,"column":null}}]}},"s":{"0":0,"1":0,"2":0,"3":0,"4":0,"5":0,"6":0,"7":0,"8":0,"9":0,"10":0,"11":0,"12":0,"13":0,"14":0,"15":0,"16":0,"17":0,"18":0,"19":0,"20":0,"21":0,"22":0,"23":0,"24":0,"25":0,"26":0,"27":0,"28":0,"29":0,"30":0,"31":0,"32":0,"33":0,"34":0,"35":0,"36":0,"37":0,"38":0,"39":0,"40":0,"41":0,"42":0,"43":0,"44":0},"f":{"0":0,"1":0,"2":0,"3":0,"4":0,"5":0,"6":0,"7":0,"8":0,"9":0,"10":0,"11":0,"12":0},"b":{"0":[0,0,0],"1":[0,0],"2":[0,0],"3":[0,0],"4":[0,0],"5":[0,0],"6":[0,0],"7":[0,0],"8":[0,0],"9":[0,0],"10":[0,0],"11":[0,0],"12":[0,0],"13":[0,0],"14":[0,0],"15":[0,0],"16":[0,0],"17":[0,0],"18":[0,0],"19":[0,0],"20":[0,0]}}
}
